This file contains any messages produced by compilers while
running configure, to aid debugging if configure makes a mistake.

It was created by configure, which was
generated by GNU Autoconf 2.59.  Invocation command line was

  $ ./configure --disable-tcl --host=arm-hisiv100nptl-linux

## --------- ##
## Platform. ##
## --------- ##

hostname = localhost.localdomain
uname -m = i686
uname -r = 3.1.0-7.fc16.i686.PAE
uname -s = Linux
uname -v = #1 SMP Tue Nov 1 20:53:45 UTC 2011

/usr/bin/uname -p = unknown
/bin/uname -X     = unknown

/bin/arch              = i686
/usr/bin/arch -k       = unknown
/usr/convex/getsysinfo = unknown
hostinfo               = unknown
/bin/machine           = unknown
/usr/bin/oslevel       = unknown
/bin/universe          = unknown

PATH: /opt/hisi-linux/x86-arm/gcc-3.4.3-uClibc-0.9.28/usr/bin
PATH: /opt/hisi-linux/x86-arm/arm-hisiv200-linux/target/bin
PATH: /opt/hisi-linux-nptl/arm-hisiv100-linux/target/bin
PATH: /usr/lib/ccache
PATH: /usr/local/bin
PATH: /bin
PATH: /usr/bin
PATH: /usr/local/sbin
PATH: /usr/sbin
PATH: /sbin
PATH: /home/uclib/.local/bin
PATH: /home/uclib/bin


## ----------- ##
## Core tests. ##
## ----------- ##

configure:1616: checking build system type
configure:1634: result: i686-pc-linux-gnu
configure:1642: checking host system type
configure:1656: result: arm-hisiv100nptl-linux-gnu
configure:1672: checking for arm-hisiv100nptl-linux-gcc
configure:1688: found /opt/hisi-linux-nptl/arm-hisiv100-linux/target/bin/arm-hisiv100nptl-linux-gcc
configure:1698: result: arm-hisiv100nptl-linux-gcc
configure:1980: checking for C compiler version
configure:1983: arm-hisiv100nptl-linux-gcc --version </dev/null >&5
arm-hisiv100nptl-linux-gcc (Hisilicon_v100(gcc4.4-290+uclibc_0.9.32.1+eabi+linuxpthread)) 4.4.1
Copyright (C) 2009 Free Software Foundation, Inc.
This is free software; see the source for copying conditions.  There is NO
warranty; not even for MERCHANTABILITY or FITNESS FOR A PARTICULAR PURPOSE.

configure:1986: $? = 0
configure:1988: arm-hisiv100nptl-linux-gcc -v </dev/null >&5
Using built-in specs.
Target: arm-hisiv100-linux-uclibcgnueabi
Configured with: ../gcc-4.4-2010q1/configure --host=i486-linux-gnu --build=i486-linux-gnu --target=arm-hisiv100-linux-uclibcgnueabi --prefix=/home/sying/uclibc_h3/hisiv100_finalnptl_src/hisiv100_src/install/arm-hisiv100-linux --enable-threads --disable-libmudflap --disable-libssp --disable-libstdcxx-pch --with-arch=armv5te --with-gnu-as --with-gnu-ld --enable-languages=c,c++ --enable-shared --enable-lto --enable-symvers=gnu --enable-__cxa_atexit --disable-nls --enable-extra-hisi-multilibs --with-sysroot=/home/sying/uclibc_h3/hisiv100_finalnptl_src/hisiv100_src/install/arm-hisiv100-linux/target --with-build-sysroot=/home/sying/uclibc_h3/hisiv100_finalnptl_src/hisiv100_src/install/arm-hisiv100-linux/target --with-gmp=/home/sying/uclibc_h3/hisiv100_finalnptl_src/hisiv100_src/install/host_lib --with-mpfr=/home/sying/uclibc_h3/hisiv100_finalnptl_src/hisiv100_src/install/host_lib --with-ppl=/home/sying/uclibc_h3/hisiv100_finalnptl_src/hisiv100_src/install/host_lib --with-cloog=/home/sying/uclibc_h3/hisiv100_finalnptl_src/hisiv100_src/install/host_lib --with-libelf=/home/sying/uclibc_h3/hisiv100_finalnptl_src/hisiv100_src/install/host_lib --with-host-libstdcxx='-static-libgcc -Wl,-Bstatic,-lstdc++,-Bstatic -lm' --enable-libgomp --enable-poison-system-directories --with-libelf=/home/sying/uclibc_h3/hisiv100_finalnptl_src/hisiv100_src/install/host_lib --with-pkgversion='Hisilicon_v100(gcc4.4-290+uclibc_0.9.32.1+eabi+linuxpthread)' --with-bugurl=http://www.hisilicon.com/cn/service/claim.html
Thread model: posix
gcc version 4.4.1 (Hisilicon_v100(gcc4.4-290+uclibc_0.9.32.1+eabi+linuxpthread)) 
configure:1991: $? = 0
configure:1993: arm-hisiv100nptl-linux-gcc -V </dev/null >&5
arm-hisiv100nptl-linux-gcc: '-V' option must have argument
configure:1996: $? = 1
configure:2019: checking for C compiler default output file name
configure:2022: arm-hisiv100nptl-linux-gcc    conftest.c  >&5
configure:2025: $? = 0
configure:2071: result: a.out
configure:2076: checking whether the C compiler works
configure:2082: ./a.out
./configure: line 2083: ./a.out: cannot execute binary file
configure:2085: $? = 126
configure:2102: result: yes
configure:2109: checking whether we are cross compiling
configure:2111: result: yes
configure:2114: checking for suffix of executables
configure:2116: arm-hisiv100nptl-linux-gcc -o conftest    conftest.c  >&5
configure:2119: $? = 0
configure:2144: result: 
configure:2150: checking for suffix of object files
configure:2171: arm-hisiv100nptl-linux-gcc -c   conftest.c >&5
configure:2174: $? = 0
configure:2196: result: o
configure:2200: checking whether we are using the GNU C compiler
configure:2224: arm-hisiv100nptl-linux-gcc -c   conftest.c >&5
configure:2230: $? = 0
configure:2234: test -z 
			 || test ! -s conftest.err
configure:2237: $? = 0
configure:2240: test -s conftest.o
configure:2243: $? = 0
configure:2256: result: yes
configure:2262: checking whether arm-hisiv100nptl-linux-gcc accepts -g
configure:2283: arm-hisiv100nptl-linux-gcc -c -g  conftest.c >&5
configure:2289: $? = 0
configure:2293: test -z 
			 || test ! -s conftest.err
configure:2296: $? = 0
configure:2299: test -s conftest.o
configure:2302: $? = 0
configure:2313: result: yes
configure:2330: checking for arm-hisiv100nptl-linux-gcc option to accept ANSI C
configure:2400: arm-hisiv100nptl-linux-gcc  -c -g -O2  conftest.c >&5
configure:2406: $? = 0
configure:2410: test -z 
			 || test ! -s conftest.err
configure:2413: $? = 0
configure:2416: test -s conftest.o
configure:2419: $? = 0
configure:2437: result: none needed
configure:2455: arm-hisiv100nptl-linux-gcc -c -g -O2  conftest.c >&5
conftest.c:2: error: expected '=', ',', ';', 'asm' or '__attribute__' before 'me'
configure:2461: $? = 1
configure: failed program was:
| #ifndef __cplusplus
|   choke me
| #endif
configure:2594: checking for a sed that does not truncate output
configure:2648: result: /bin/sed
configure:2651: checking for egrep
configure:2661: result: grep -E
configure:2677: checking for ld used by arm-hisiv100nptl-linux-gcc
configure:2744: result: /opt/hisi-linux-nptl/arm-hisiv100-linux/arm-hisiv100-linux-uclibcgnueabi/bin/ld
configure:2753: checking if the linker (/opt/hisi-linux-nptl/arm-hisiv100-linux/arm-hisiv100-linux-uclibcgnueabi/bin/ld) is GNU ld
configure:2768: result: yes
configure:2773: checking for /opt/hisi-linux-nptl/arm-hisiv100-linux/arm-hisiv100-linux-uclibcgnueabi/bin/ld option to reload object files
configure:2780: result: -r
configure:2798: checking for BSD-compatible nm
configure:2847: result: /opt/hisi-linux-nptl/arm-hisiv100-linux/target/bin/arm-hisiv100nptl-linux-nm -B
configure:2851: checking whether ln -s works
configure:2855: result: yes
configure:2862: checking how to recognise dependent libraries
configure:3038: result: pass_all
configure:3275: checking how to run the C preprocessor
configure:3310: arm-hisiv100nptl-linux-gcc -E  conftest.c
configure:3316: $? = 0
configure:3348: arm-hisiv100nptl-linux-gcc -E  conftest.c
conftest.c:9: fatal error: ac_nonexistent.h: No such file or directory
compilation terminated.
configure:3354: $? = 1
configure: failed program was:
| /* confdefs.h.  */
| 
| #define PACKAGE_NAME ""
| #define PACKAGE_TARNAME ""
| #define PACKAGE_VERSION ""
| #define PACKAGE_STRING ""
| #define PACKAGE_BUGREPORT ""
| /* end confdefs.h.  */
| #include <ac_nonexistent.h>
configure:3393: result: arm-hisiv100nptl-linux-gcc -E
configure:3417: arm-hisiv100nptl-linux-gcc -E  conftest.c
configure:3423: $? = 0
configure:3455: arm-hisiv100nptl-linux-gcc -E  conftest.c
conftest.c:9: fatal error: ac_nonexistent.h: No such file or directory
compilation terminated.
configure:3461: $? = 1
configure: failed program was:
| /* confdefs.h.  */
| 
| #define PACKAGE_NAME ""
| #define PACKAGE_TARNAME ""
| #define PACKAGE_VERSION ""
| #define PACKAGE_STRING ""
| #define PACKAGE_BUGREPORT ""
| /* end confdefs.h.  */
| #include <ac_nonexistent.h>
configure:3505: checking for ANSI C header files
configure:3530: arm-hisiv100nptl-linux-gcc -c -g -O2  conftest.c >&5
configure:3536: $? = 0
configure:3540: test -z 
			 || test ! -s conftest.err
configure:3543: $? = 0
configure:3546: test -s conftest.o
configure:3549: $? = 0
configure:3661: result: yes
configure:3685: checking for sys/types.h
configure:3701: arm-hisiv100nptl-linux-gcc -c -g -O2  conftest.c >&5
configure:3707: $? = 0
configure:3711: test -z 
			 || test ! -s conftest.err
configure:3714: $? = 0
configure:3717: test -s conftest.o
configure:3720: $? = 0
configure:3731: result: yes
configure:3685: checking for sys/stat.h
configure:3701: arm-hisiv100nptl-linux-gcc -c -g -O2  conftest.c >&5
configure:3707: $? = 0
configure:3711: test -z 
			 || test ! -s conftest.err
configure:3714: $? = 0
configure:3717: test -s conftest.o
configure:3720: $? = 0
configure:3731: result: yes
configure:3685: checking for stdlib.h
configure:3701: arm-hisiv100nptl-linux-gcc -c -g -O2  conftest.c >&5
configure:3707: $? = 0
configure:3711: test -z 
			 || test ! -s conftest.err
configure:3714: $? = 0
configure:3717: test -s conftest.o
configure:3720: $? = 0
configure:3731: result: yes
configure:3685: checking for string.h
configure:3701: arm-hisiv100nptl-linux-gcc -c -g -O2  conftest.c >&5
configure:3707: $? = 0
configure:3711: test -z 
			 || test ! -s conftest.err
configure:3714: $? = 0
configure:3717: test -s conftest.o
configure:3720: $? = 0
configure:3731: result: yes
configure:3685: checking for memory.h
configure:3701: arm-hisiv100nptl-linux-gcc -c -g -O2  conftest.c >&5
configure:3707: $? = 0
configure:3711: test -z 
			 || test ! -s conftest.err
configure:3714: $? = 0
configure:3717: test -s conftest.o
configure:3720: $? = 0
configure:3731: result: yes
configure:3685: checking for strings.h
configure:3701: arm-hisiv100nptl-linux-gcc -c -g -O2  conftest.c >&5
configure:3707: $? = 0
configure:3711: test -z 
			 || test ! -s conftest.err
configure:3714: $? = 0
configure:3717: test -s conftest.o
configure:3720: $? = 0
configure:3731: result: yes
configure:3685: checking for inttypes.h
configure:3701: arm-hisiv100nptl-linux-gcc -c -g -O2  conftest.c >&5
configure:3707: $? = 0
configure:3711: test -z 
			 || test ! -s conftest.err
configure:3714: $? = 0
configure:3717: test -s conftest.o
configure:3720: $? = 0
configure:3731: result: yes
configure:3685: checking for stdint.h
configure:3701: arm-hisiv100nptl-linux-gcc -c -g -O2  conftest.c >&5
configure:3707: $? = 0
configure:3711: test -z 
			 || test ! -s conftest.err
configure:3714: $? = 0
configure:3717: test -s conftest.o
configure:3720: $? = 0
configure:3731: result: yes
configure:3685: checking for unistd.h
configure:3701: arm-hisiv100nptl-linux-gcc -c -g -O2  conftest.c >&5
configure:3707: $? = 0
configure:3711: test -z 
			 || test ! -s conftest.err
configure:3714: $? = 0
configure:3717: test -s conftest.o
configure:3720: $? = 0
configure:3731: result: yes
configure:3757: checking dlfcn.h usability
configure:3769: arm-hisiv100nptl-linux-gcc -c -g -O2  conftest.c >&5
configure:3775: $? = 0
configure:3779: test -z 
			 || test ! -s conftest.err
configure:3782: $? = 0
configure:3785: test -s conftest.o
configure:3788: $? = 0
configure:3798: result: yes
configure:3802: checking dlfcn.h presence
configure:3812: arm-hisiv100nptl-linux-gcc -E  conftest.c
configure:3818: $? = 0
configure:3838: result: yes
configure:3873: checking for dlfcn.h
configure:3880: result: yes
configure:3903: checking for arm-hisiv100nptl-linux-g++
configure:3919: found /opt/hisi-linux-nptl/arm-hisiv100-linux/target/bin/arm-hisiv100nptl-linux-g++
configure:3929: result: arm-hisiv100nptl-linux-g++
configure:3987: checking for C++ compiler version
configure:3990: arm-hisiv100nptl-linux-g++ --version </dev/null >&5
arm-hisiv100nptl-linux-g++ (Hisilicon_v100(gcc4.4-290+uclibc_0.9.32.1+eabi+linuxpthread)) 4.4.1
Copyright (C) 2009 Free Software Foundation, Inc.
This is free software; see the source for copying conditions.  There is NO
warranty; not even for MERCHANTABILITY or FITNESS FOR A PARTICULAR PURPOSE.

configure:3993: $? = 0
configure:3995: arm-hisiv100nptl-linux-g++ -v </dev/null >&5
Using built-in specs.
Target: arm-hisiv100-linux-uclibcgnueabi
Configured with: ../gcc-4.4-2010q1/configure --host=i486-linux-gnu --build=i486-linux-gnu --target=arm-hisiv100-linux-uclibcgnueabi --prefix=/home/sying/uclibc_h3/hisiv100_finalnptl_src/hisiv100_src/install/arm-hisiv100-linux --enable-threads --disable-libmudflap --disable-libssp --disable-libstdcxx-pch --with-arch=armv5te --with-gnu-as --with-gnu-ld --enable-languages=c,c++ --enable-shared --enable-lto --enable-symvers=gnu --enable-__cxa_atexit --disable-nls --enable-extra-hisi-multilibs --with-sysroot=/home/sying/uclibc_h3/hisiv100_finalnptl_src/hisiv100_src/install/arm-hisiv100-linux/target --with-build-sysroot=/home/sying/uclibc_h3/hisiv100_finalnptl_src/hisiv100_src/install/arm-hisiv100-linux/target --with-gmp=/home/sying/uclibc_h3/hisiv100_finalnptl_src/hisiv100_src/install/host_lib --with-mpfr=/home/sying/uclibc_h3/hisiv100_finalnptl_src/hisiv100_src/install/host_lib --with-ppl=/home/sying/uclibc_h3/hisiv100_finalnptl_src/hisiv100_src/install/host_lib --with-cloog=/home/sying/uclibc_h3/hisiv100_finalnptl_src/hisiv100_src/install/host_lib --with-libelf=/home/sying/uclibc_h3/hisiv100_finalnptl_src/hisiv100_src/install/host_lib --with-host-libstdcxx='-static-libgcc -Wl,-Bstatic,-lstdc++,-Bstatic -lm' --enable-libgomp --enable-poison-system-directories --with-libelf=/home/sying/uclibc_h3/hisiv100_finalnptl_src/hisiv100_src/install/host_lib --with-pkgversion='Hisilicon_v100(gcc4.4-290+uclibc_0.9.32.1+eabi+linuxpthread)' --with-bugurl=http://www.hisilicon.com/cn/service/claim.html
Thread model: posix
gcc version 4.4.1 (Hisilicon_v100(gcc4.4-290+uclibc_0.9.32.1+eabi+linuxpthread)) 
configure:3998: $? = 0
configure:4000: arm-hisiv100nptl-linux-g++ -V </dev/null >&5
arm-hisiv100nptl-linux-g++: '-V' option must have argument
configure:4003: $? = 1
configure:4006: checking whether we are using the GNU C++ compiler
configure:4030: arm-hisiv100nptl-linux-g++ -c   conftest.cc >&5
configure:4036: $? = 0
configure:4040: test -z 
			 || test ! -s conftest.err
configure:4043: $? = 0
configure:4046: test -s conftest.o
configure:4049: $? = 0
configure:4062: result: yes
configure:4068: checking whether arm-hisiv100nptl-linux-g++ accepts -g
configure:4089: arm-hisiv100nptl-linux-g++ -c -g  conftest.cc >&5
configure:4095: $? = 0
configure:4099: test -z 
			 || test ! -s conftest.err
configure:4102: $? = 0
configure:4105: test -s conftest.o
configure:4108: $? = 0
configure:4119: result: yes
configure:4161: arm-hisiv100nptl-linux-g++ -c -g -O2  conftest.cc >&5
configure:4167: $? = 0
configure:4171: test -z 
			 || test ! -s conftest.err
configure:4174: $? = 0
configure:4177: test -s conftest.o
configure:4180: $? = 0
configure:4206: arm-hisiv100nptl-linux-g++ -c -g -O2  conftest.cc >&5
conftest.cc: In function 'int main()':
conftest.cc:24: error: 'exit' was not declared in this scope
configure:4212: $? = 1
configure: failed program was:
| /* confdefs.h.  */
| 
| #define PACKAGE_NAME ""
| #define PACKAGE_TARNAME ""
| #define PACKAGE_VERSION ""
| #define PACKAGE_STRING ""
| #define PACKAGE_BUGREPORT ""
| #define STDC_HEADERS 1
| #define HAVE_SYS_TYPES_H 1
| #define HAVE_SYS_STAT_H 1
| #define HAVE_STDLIB_H 1
| #define HAVE_STRING_H 1
| #define HAVE_MEMORY_H 1
| #define HAVE_STRINGS_H 1
| #define HAVE_INTTYPES_H 1
| #define HAVE_STDINT_H 1
| #define HAVE_UNISTD_H 1
| #define HAVE_DLFCN_H 1
| /* end confdefs.h.  */
| 
| int
| main ()
| {
| exit (42);
|   ;
|   return 0;
| }
configure:4161: arm-hisiv100nptl-linux-g++ -c -g -O2  conftest.cc >&5
conftest.cc:20: error: 'void std::exit(int)' should have been declared inside 'std'
configure:4167: $? = 1
configure: failed program was:
| /* confdefs.h.  */
| 
| #define PACKAGE_NAME ""
| #define PACKAGE_TARNAME ""
| #define PACKAGE_VERSION ""
| #define PACKAGE_STRING ""
| #define PACKAGE_BUGREPORT ""
| #define STDC_HEADERS 1
| #define HAVE_SYS_TYPES_H 1
| #define HAVE_SYS_STAT_H 1
| #define HAVE_STDLIB_H 1
| #define HAVE_STRING_H 1
| #define HAVE_MEMORY_H 1
| #define HAVE_STRINGS_H 1
| #define HAVE_INTTYPES_H 1
| #define HAVE_STDINT_H 1
| #define HAVE_UNISTD_H 1
| #define HAVE_DLFCN_H 1
| /* end confdefs.h.  */
| extern "C" void std::exit (int) throw (); using std::exit;
| #include <stdlib.h>
| int
| main ()
| {
| exit (42);
|   ;
|   return 0;
| }
configure:4161: arm-hisiv100nptl-linux-g++ -c -g -O2  conftest.cc >&5
conftest.cc:20: error: 'void std::exit(int)' should have been declared inside 'std'
In file included from conftest.cc:21:
/opt/hisi-linux-nptl/arm-hisiv100-linux/bin/../target/usr/include/stdlib.h:532: error: declaration of 'void std::exit(int) throw ()' throws different exceptions
conftest.cc:20: error: from previous declaration 'void std::exit(int)'
configure:4167: $? = 1
configure: failed program was:
| /* confdefs.h.  */
| 
| #define PACKAGE_NAME ""
| #define PACKAGE_TARNAME ""
| #define PACKAGE_VERSION ""
| #define PACKAGE_STRING ""
| #define PACKAGE_BUGREPORT ""
| #define STDC_HEADERS 1
| #define HAVE_SYS_TYPES_H 1
| #define HAVE_SYS_STAT_H 1
| #define HAVE_STDLIB_H 1
| #define HAVE_STRING_H 1
| #define HAVE_MEMORY_H 1
| #define HAVE_STRINGS_H 1
| #define HAVE_INTTYPES_H 1
| #define HAVE_STDINT_H 1
| #define HAVE_UNISTD_H 1
| #define HAVE_DLFCN_H 1
| /* end confdefs.h.  */
| extern "C" void std::exit (int); using std::exit;
| #include <stdlib.h>
| int
| main ()
| {
| exit (42);
|   ;
|   return 0;
| }
configure:4161: arm-hisiv100nptl-linux-g++ -c -g -O2  conftest.cc >&5
configure:4167: $? = 0
configure:4171: test -z 
			 || test ! -s conftest.err
configure:4174: $? = 0
configure:4177: test -s conftest.o
configure:4180: $? = 0
configure:4206: arm-hisiv100nptl-linux-g++ -c -g -O2  conftest.cc >&5
configure:4212: $? = 0
configure:4216: test -z 
			 || test ! -s conftest.err
configure:4219: $? = 0
configure:4222: test -s conftest.o
configure:4225: $? = 0
configure:4258: checking how to run the C++ preprocessor
configure:4289: arm-hisiv100nptl-linux-g++ -E  conftest.cc
configure:4295: $? = 0
configure:4327: arm-hisiv100nptl-linux-g++ -E  conftest.cc
conftest.cc:23: fatal error: ac_nonexistent.h: No such file or directory
compilation terminated.
configure:4333: $? = 1
configure: failed program was:
| /* confdefs.h.  */
| 
| #define PACKAGE_NAME ""
| #define PACKAGE_TARNAME ""
| #define PACKAGE_VERSION ""
| #define PACKAGE_STRING ""
| #define PACKAGE_BUGREPORT ""
| #define STDC_HEADERS 1
| #define HAVE_SYS_TYPES_H 1
| #define HAVE_SYS_STAT_H 1
| #define HAVE_STDLIB_H 1
| #define HAVE_STRING_H 1
| #define HAVE_MEMORY_H 1
| #define HAVE_STRINGS_H 1
| #define HAVE_INTTYPES_H 1
| #define HAVE_STDINT_H 1
| #define HAVE_UNISTD_H 1
| #define HAVE_DLFCN_H 1
| #ifdef __cplusplus
| extern "C" void exit (int) throw ();
| #endif
| /* end confdefs.h.  */
| #include <ac_nonexistent.h>
configure:4372: result: arm-hisiv100nptl-linux-g++ -E
configure:4396: arm-hisiv100nptl-linux-g++ -E  conftest.cc
configure:4402: $? = 0
configure:4434: arm-hisiv100nptl-linux-g++ -E  conftest.cc
conftest.cc:23: fatal error: ac_nonexistent.h: No such file or directory
compilation terminated.
configure:4440: $? = 1
configure: failed program was:
| /* confdefs.h.  */
| 
| #define PACKAGE_NAME ""
| #define PACKAGE_TARNAME ""
| #define PACKAGE_VERSION ""
| #define PACKAGE_STRING ""
| #define PACKAGE_BUGREPORT ""
| #define STDC_HEADERS 1
| #define HAVE_SYS_TYPES_H 1
| #define HAVE_SYS_STAT_H 1
| #define HAVE_STDLIB_H 1
| #define HAVE_STRING_H 1
| #define HAVE_MEMORY_H 1
| #define HAVE_STRINGS_H 1
| #define HAVE_INTTYPES_H 1
| #define HAVE_STDINT_H 1
| #define HAVE_UNISTD_H 1
| #define HAVE_DLFCN_H 1
| #ifdef __cplusplus
| extern "C" void exit (int) throw ();
| #endif
| /* end confdefs.h.  */
| #include <ac_nonexistent.h>
configure:4495: checking for arm-hisiv100nptl-linux-g77
configure:4524: result: no
configure:4495: checking for arm-hisiv100nptl-linux-f77
configure:4524: result: no
configure:4495: checking for arm-hisiv100nptl-linux-xlf
configure:4524: result: no
configure:4495: checking for arm-hisiv100nptl-linux-frt
configure:4524: result: no
configure:4495: checking for arm-hisiv100nptl-linux-pgf77
configure:4524: result: no
configure:4495: checking for arm-hisiv100nptl-linux-fort77
configure:4524: result: no
configure:4495: checking for arm-hisiv100nptl-linux-fl32
configure:4524: result: no
configure:4495: checking for arm-hisiv100nptl-linux-af77
configure:4524: result: no
configure:4495: checking for arm-hisiv100nptl-linux-f90
configure:4524: result: no
configure:4495: checking for arm-hisiv100nptl-linux-xlf90
configure:4524: result: no
configure:4495: checking for arm-hisiv100nptl-linux-pgf90
configure:4524: result: no
configure:4495: checking for arm-hisiv100nptl-linux-epcf90
configure:4524: result: no
configure:4495: checking for arm-hisiv100nptl-linux-f95
configure:4524: result: no
configure:4495: checking for arm-hisiv100nptl-linux-fort
configure:4524: result: no
configure:4495: checking for arm-hisiv100nptl-linux-xlf95
configure:4524: result: no
configure:4495: checking for arm-hisiv100nptl-linux-ifc
configure:4524: result: no
configure:4495: checking for arm-hisiv100nptl-linux-efc
configure:4524: result: no
configure:4495: checking for arm-hisiv100nptl-linux-pgf95
configure:4524: result: no
configure:4495: checking for arm-hisiv100nptl-linux-lf95
configure:4524: result: no
configure:4495: checking for arm-hisiv100nptl-linux-gfortran
configure:4524: result: no
configure:4537: checking for g77
configure:4566: result: no
configure:4537: checking for f77
configure:4566: result: no
configure:4537: checking for xlf
configure:4566: result: no
configure:4537: checking for frt
configure:4566: result: no
configure:4537: checking for pgf77
configure:4566: result: no
configure:4537: checking for fort77
configure:4566: result: no
configure:4537: checking for fl32
configure:4566: result: no
configure:4537: checking for af77
configure:4566: result: no
configure:4537: checking for f90
configure:4566: result: no
configure:4537: checking for xlf90
configure:4566: result: no
configure:4537: checking for pgf90
configure:4566: result: no
configure:4537: checking for epcf90
configure:4566: result: no
configure:4537: checking for f95
configure:4553: found /usr/bin/f95
configure:4563: result: f95
configure:4578: checking for Fortran 77 compiler version
configure:4581: f95 --version </dev/null >&5
GNU Fortran (GCC) 4.6.2 20111027 (Red Hat 4.6.2-1)
Copyright (C) 2011 Free Software Foundation, Inc.

GNU Fortran comes with NO WARRANTY, to the extent permitted by law.
You may redistribute copies of GNU Fortran
under the terms of the GNU General Public License.
For more information about these matters, see the file named COPYING

configure:4584: $? = 0
configure:4586: f95 -v </dev/null >&5
Using built-in specs.
COLLECT_GCC=f95
COLLECT_LTO_WRAPPER=/usr/libexec/gcc/i686-redhat-linux/4.6.2/lto-wrapper
Target: i686-redhat-linux
Configured with: ../configure --prefix=/usr --mandir=/usr/share/man --infodir=/usr/share/info --with-bugurl=http://bugzilla.redhat.com/bugzilla --enable-bootstrap --enable-shared --enable-threads=posix --enable-checking=release --with-system-zlib --enable-__cxa_atexit --disable-libunwind-exceptions --enable-gnu-unique-object --enable-linker-build-id --enable-languages=c,c++,objc,obj-c++,java,fortran,ada,go,lto --enable-plugin --enable-java-awt=gtk --disable-dssi --with-java-home=/usr/lib/jvm/java-1.5.0-gcj-1.5.0.0/jre --enable-libgcj-multifile --enable-java-maintainer-mode --with-ecj-jar=/usr/share/java/eclipse-ecj.jar --disable-libjava-multilib --with-ppl --with-cloog --with-tune=generic --with-arch=i686 --build=i686-redhat-linux
Thread model: posix
gcc version 4.6.2 20111027 (Red Hat 4.6.2-1) (GCC) 
configure:4589: $? = 0
configure:4591: f95 -V </dev/null >&5
f95: error: unrecognized option '-V'
f95: fatal error: no input files
compilation terminated.
configure:4594: $? = 4
configure:4602: checking whether we are using the GNU Fortran 77 compiler
configure:4616: f95 -c  conftest.F >&5
configure:4622: $? = 0
configure:4626: test -z 
			 || test ! -s conftest.err
configure:4629: $? = 0
configure:4632: test -s conftest.o
configure:4635: $? = 0
configure:4648: result: yes
configure:4654: checking whether f95 accepts -g
configure:4666: f95 -c -g conftest.f >&5
configure:4672: $? = 0
configure:4676: test -z 
			 || test ! -s conftest.err
configure:4679: $? = 0
configure:4682: test -s conftest.o
configure:4685: $? = 0
configure:4697: result: yes
configure:4727: checking the maximum length of command line arguments
configure:4836: result: 32768
configure:4847: checking command to parse /opt/hisi-linux-nptl/arm-hisiv100-linux/target/bin/arm-hisiv100nptl-linux-nm -B output from arm-hisiv100nptl-linux-gcc object
configure:4952: arm-hisiv100nptl-linux-gcc -c -g -O2  conftest.c >&5
configure:4955: $? = 0
configure:4959: /opt/hisi-linux-nptl/arm-hisiv100-linux/target/bin/arm-hisiv100nptl-linux-nm -B conftest.o \| sed -n -e 's/^.*[ 	]\([ABCDGIRSTW][ABCDGIRSTW]*\)[ 	][ 	]*\([_A-Za-z][_A-Za-z0-9]*\)$/\1 \2 \2/p' \> conftest.nm
configure:4962: $? = 0
configure:5014: arm-hisiv100nptl-linux-gcc -o conftest -g -O2   conftest.c conftstm.o >&5
configure:5017: $? = 0
configure:5055: result: ok
configure:5059: checking for objdir
configure:5074: result: .libs
configure:5126: checking for arm-hisiv100nptl-linux-ar
configure:5142: found /opt/hisi-linux-nptl/arm-hisiv100-linux/target/bin/arm-hisiv100nptl-linux-ar
configure:5152: result: arm-hisiv100nptl-linux-ar
configure:5206: checking for arm-hisiv100nptl-linux-ranlib
configure:5222: found /opt/hisi-linux-nptl/arm-hisiv100-linux/target/bin/arm-hisiv100nptl-linux-ranlib
configure:5232: result: arm-hisiv100nptl-linux-ranlib
configure:5286: checking for arm-hisiv100nptl-linux-strip
configure:5302: found /opt/hisi-linux-nptl/arm-hisiv100-linux/target/bin/arm-hisiv100nptl-linux-strip
configure:5312: result: arm-hisiv100nptl-linux-strip
configure:5574: checking for correct ltmain.sh version
configure:5624: result: yes
configure:5684: checking if arm-hisiv100nptl-linux-gcc supports -fno-rtti -fno-exceptions
configure:5702: arm-hisiv100nptl-linux-gcc -c -g -O2  -fno-rtti -fno-exceptions conftest.c >&5
cc1: warning: command line option "-fno-rtti" is valid for C++/ObjC++ but not for C
configure:5706: $? = 0
configure:5719: result: no
configure:5734: checking for arm-hisiv100nptl-linux-gcc option to produce PIC
configure:5944: result: -fPIC
configure:5952: checking if arm-hisiv100nptl-linux-gcc PIC flag -fPIC works
configure:5970: arm-hisiv100nptl-linux-gcc -c -g -O2  -fPIC -DPIC conftest.c >&5
configure:5974: $? = 0
configure:5987: result: yes
configure:6015: checking if arm-hisiv100nptl-linux-gcc static flag -static works
configure:6043: result: yes
configure:6053: checking if arm-hisiv100nptl-linux-gcc supports -c -o file.o
configure:6074: arm-hisiv100nptl-linux-gcc -c -g -O2  -o out/conftest2.o conftest.c >&5
configure:6078: $? = 0
configure:6100: result: yes
configure:6126: checking whether the arm-hisiv100nptl-linux-gcc linker (/opt/hisi-linux-nptl/arm-hisiv100-linux/arm-hisiv100-linux-uclibcgnueabi/bin/ld) supports shared libraries
configure:7084: result: yes
configure:7105: checking whether -lc should be explicitly linked in
configure:7110: arm-hisiv100nptl-linux-gcc -c -g -O2  conftest.c >&5
configure:7113: $? = 0
configure:7128: arm-hisiv100nptl-linux-gcc -shared conftest.o  -v -Wl,-soname -Wl,conftest -o conftest 2\>\&1 \| grep  -lc  \>/dev/null 2\>\&1
configure:7131: $? = 0
configure:7143: result: no
configure:7151: checking dynamic linker characteristics
configure:7776: result: GNU/Linux ld.so
configure:7785: checking how to hardcode library paths into programs
configure:7810: result: immediate
configure:7824: checking whether stripping libraries is possible
configure:7829: result: yes
configure:8663: checking if libtool supports shared libraries
configure:8665: result: yes
configure:8668: checking whether to build shared libraries
configure:8689: result: yes
configure:8692: checking whether to build static libraries
configure:8696: result: yes
configure:8788: creating libtool
configure:9376: checking for ld used by arm-hisiv100nptl-linux-g++
configure:9443: result: /opt/hisi-linux-nptl/arm-hisiv100-linux/arm-hisiv100-linux-uclibcgnueabi/bin/ld
configure:9452: checking if the linker (/opt/hisi-linux-nptl/arm-hisiv100-linux/arm-hisiv100-linux-uclibcgnueabi/bin/ld) is GNU ld
configure:9467: result: yes
configure:9518: checking whether the arm-hisiv100nptl-linux-g++ linker (/opt/hisi-linux-nptl/arm-hisiv100-linux/arm-hisiv100-linux-uclibcgnueabi/bin/ld) supports shared libraries
configure:10456: result: yes
configure:10474: arm-hisiv100nptl-linux-g++ -c -g -O2  conftest.cpp >&5
configure:10477: $? = 0
configure:10596: checking for arm-hisiv100nptl-linux-g++ option to produce PIC
configure:10870: result: -fPIC
configure:10878: checking if arm-hisiv100nptl-linux-g++ PIC flag -fPIC works
configure:10896: arm-hisiv100nptl-linux-g++ -c -g -O2  -fPIC -DPIC conftest.cpp >&5
configure:10900: $? = 0
configure:10913: result: yes
configure:10941: checking if arm-hisiv100nptl-linux-g++ static flag -static works
configure:10969: result: yes
configure:10979: checking if arm-hisiv100nptl-linux-g++ supports -c -o file.o
configure:11000: arm-hisiv100nptl-linux-g++ -c -g -O2  -o out/conftest2.o conftest.cpp >&5
configure:11004: $? = 0
configure:11026: result: yes
configure:11052: checking whether the arm-hisiv100nptl-linux-g++ linker (/opt/hisi-linux-nptl/arm-hisiv100-linux/arm-hisiv100-linux-uclibcgnueabi/bin/ld) supports shared libraries
configure:11077: result: yes
configure:11144: checking dynamic linker characteristics
configure:11769: result: GNU/Linux ld.so
configure:11778: checking how to hardcode library paths into programs
configure:11803: result: immediate
configure:12329: checking if libtool supports shared libraries
configure:12331: result: yes
configure:12334: checking whether to build shared libraries
configure:12354: result: yes
configure:12357: checking whether to build static libraries
configure:12361: result: yes
configure:12371: checking for f95 option to produce PIC
configure:12581: result: -fPIC
configure:12589: checking if f95 PIC flag -fPIC works
configure:12607: f95 -c -g -O2 -fPIC conftest.f >&5
configure:12611: $? = 0
configure:12624: result: yes
configure:12652: checking if f95 static flag -static works
configure:12680: result: no
configure:12690: checking if f95 supports -c -o file.o
configure:12711: f95 -c -g -O2 -o out/conftest2.o conftest.f >&5
configure:12715: $? = 0
configure:12737: result: yes
configure:12763: checking whether the f95 linker (/opt/hisi-linux-nptl/arm-hisiv100-linux/arm-hisiv100-linux-uclibcgnueabi/bin/ld) supports shared libraries
configure:13701: result: yes
configure:13768: checking dynamic linker characteristics
configure:14393: result: GNU/Linux ld.so
configure:14402: checking how to hardcode library paths into programs
configure:14427: result: immediate
configure:18040: checking for a BSD-compatible install
configure:18095: result: /usr/bin/install -c
configure:18110: checking for gawk
configure:18126: found /bin/gawk
configure:18136: result: gawk
configure:18219: checking for gcc
configure:18235: found /usr/lib/ccache/gcc
configure:18245: result: gcc
configure:18273: checking whether to support threadsafe operation
configure:18281: result: yes
configure:18289: checking for pthread_create in -lpthread
configure:18319: arm-hisiv100nptl-linux-gcc -o conftest -g -O2   conftest.c -lpthread   >&5
configure:18325: $? = 0
configure:18329: test -z 
			 || test ! -s conftest.err
configure:18332: $? = 0
configure:18335: test -s conftest
configure:18338: $? = 0
configure:18351: result: yes
configure:18381: checking whether to allow connections to be shared across threads
configure:18385: result: no
configure:18407: checking whether threads can override each others locks
configure:18411: result: no
configure:18430: checking whether to support shared library linked as release mode or not
configure:18434: result: no
configure:18453: checking whether to use an in-ram database for temporary tables
configure:18463: result: no
configure:18490: checking if executables have the .exe suffix
configure:18497: result: unknown
configure:18745: checking for library containing tgetent
configure:18775: arm-hisiv100nptl-linux-gcc -o conftest -g -O2   conftest.c  >&5
/tmp/ccsD4Bsa.o: In function `main':
/home/uclib/GTIP-E_studio/libsrc/sqlite3/conftest.c:35: undefined reference to `tgetent'
collect2: ld returned 1 exit status
configure:18781: $? = 1
configure: failed program was:
| /* confdefs.h.  */
| 
| #define PACKAGE_NAME ""
| #define PACKAGE_TARNAME ""
| #define PACKAGE_VERSION ""
| #define PACKAGE_STRING ""
| #define PACKAGE_BUGREPORT ""
| #define STDC_HEADERS 1
| #define HAVE_SYS_TYPES_H 1
| #define HAVE_SYS_STAT_H 1
| #define HAVE_STDLIB_H 1
| #define HAVE_STRING_H 1
| #define HAVE_MEMORY_H 1
| #define HAVE_STRINGS_H 1
| #define HAVE_INTTYPES_H 1
| #define HAVE_STDINT_H 1
| #define HAVE_UNISTD_H 1
| #define HAVE_DLFCN_H 1
| #ifdef __cplusplus
| extern "C" void exit (int) throw ();
| #endif
| #define HAVE_LIBPTHREAD 1
| /* end confdefs.h.  */
| 
| /* Override any gcc2 internal prototype to avoid an error.  */
| #ifdef __cplusplus
| extern "C"
| #endif
| /* We use char because int might match the return type of a gcc2
|    builtin and then its argument prototype would still apply.  */
| char tgetent ();
| int
| main ()
| {
| tgetent ();
|   ;
|   return 0;
| }
configure:18830: arm-hisiv100nptl-linux-gcc -o conftest -g -O2   conftest.c -lreadline   >&5
/opt/hisi-linux-nptl/arm-hisiv100-linux/bin/../lib/gcc/arm-hisiv100-linux-uclibcgnueabi/4.4.1/../../../../arm-hisiv100-linux-uclibcgnueabi/bin/ld: cannot find -lreadline
collect2: ld returned 1 exit status
configure:18836: $? = 1
configure: failed program was:
| /* confdefs.h.  */
| 
| #define PACKAGE_NAME ""
| #define PACKAGE_TARNAME ""
| #define PACKAGE_VERSION ""
| #define PACKAGE_STRING ""
| #define PACKAGE_BUGREPORT ""
| #define STDC_HEADERS 1
| #define HAVE_SYS_TYPES_H 1
| #define HAVE_SYS_STAT_H 1
| #define HAVE_STDLIB_H 1
| #define HAVE_STRING_H 1
| #define HAVE_MEMORY_H 1
| #define HAVE_STRINGS_H 1
| #define HAVE_INTTYPES_H 1
| #define HAVE_STDINT_H 1
| #define HAVE_UNISTD_H 1
| #define HAVE_DLFCN_H 1
| #ifdef __cplusplus
| extern "C" void exit (int) throw ();
| #endif
| #define HAVE_LIBPTHREAD 1
| /* end confdefs.h.  */
| 
| /* Override any gcc2 internal prototype to avoid an error.  */
| #ifdef __cplusplus
| extern "C"
| #endif
| /* We use char because int might match the return type of a gcc2
|    builtin and then its argument prototype would still apply.  */
| char tgetent ();
| int
| main ()
| {
| tgetent ();
|   ;
|   return 0;
| }
configure:18830: arm-hisiv100nptl-linux-gcc -o conftest -g -O2   conftest.c -lncurses   >&5
/opt/hisi-linux-nptl/arm-hisiv100-linux/bin/../lib/gcc/arm-hisiv100-linux-uclibcgnueabi/4.4.1/../../../../arm-hisiv100-linux-uclibcgnueabi/bin/ld: cannot find -lncurses
collect2: ld returned 1 exit status
configure:18836: $? = 1
configure: failed program was:
| /* confdefs.h.  */
| 
| #define PACKAGE_NAME ""
| #define PACKAGE_TARNAME ""
| #define PACKAGE_VERSION ""
| #define PACKAGE_STRING ""
| #define PACKAGE_BUGREPORT ""
| #define STDC_HEADERS 1
| #define HAVE_SYS_TYPES_H 1
| #define HAVE_SYS_STAT_H 1
| #define HAVE_STDLIB_H 1
| #define HAVE_STRING_H 1
| #define HAVE_MEMORY_H 1
| #define HAVE_STRINGS_H 1
| #define HAVE_INTTYPES_H 1
| #define HAVE_STDINT_H 1
| #define HAVE_UNISTD_H 1
| #define HAVE_DLFCN_H 1
| #ifdef __cplusplus
| extern "C" void exit (int) throw ();
| #endif
| #define HAVE_LIBPTHREAD 1
| /* end confdefs.h.  */
| 
| /* Override any gcc2 internal prototype to avoid an error.  */
| #ifdef __cplusplus
| extern "C"
| #endif
| /* We use char because int might match the return type of a gcc2
|    builtin and then its argument prototype would still apply.  */
| char tgetent ();
| int
| main ()
| {
| tgetent ();
|   ;
|   return 0;
| }
configure:18830: arm-hisiv100nptl-linux-gcc -o conftest -g -O2   conftest.c -lcurses   >&5
/opt/hisi-linux-nptl/arm-hisiv100-linux/bin/../lib/gcc/arm-hisiv100-linux-uclibcgnueabi/4.4.1/../../../../arm-hisiv100-linux-uclibcgnueabi/bin/ld: cannot find -lcurses
collect2: ld returned 1 exit status
configure:18836: $? = 1
configure: failed program was:
| /* confdefs.h.  */
| 
| #define PACKAGE_NAME ""
| #define PACKAGE_TARNAME ""
| #define PACKAGE_VERSION ""
| #define PACKAGE_STRING ""
| #define PACKAGE_BUGREPORT ""
| #define STDC_HEADERS 1
| #define HAVE_SYS_TYPES_H 1
| #define HAVE_SYS_STAT_H 1
| #define HAVE_STDLIB_H 1
| #define HAVE_STRING_H 1
| #define HAVE_MEMORY_H 1
| #define HAVE_STRINGS_H 1
| #define HAVE_INTTYPES_H 1
| #define HAVE_STDINT_H 1
| #define HAVE_UNISTD_H 1
| #define HAVE_DLFCN_H 1
| #ifdef __cplusplus
| extern "C" void exit (int) throw ();
| #endif
| #define HAVE_LIBPTHREAD 1
| /* end confdefs.h.  */
| 
| /* Override any gcc2 internal prototype to avoid an error.  */
| #ifdef __cplusplus
| extern "C"
| #endif
| /* We use char because int might match the return type of a gcc2
|    builtin and then its argument prototype would still apply.  */
| char tgetent ();
| int
| main ()
| {
| tgetent ();
|   ;
|   return 0;
| }
configure:18830: arm-hisiv100nptl-linux-gcc -o conftest -g -O2   conftest.c -ltermcap   >&5
/opt/hisi-linux-nptl/arm-hisiv100-linux/bin/../lib/gcc/arm-hisiv100-linux-uclibcgnueabi/4.4.1/../../../../arm-hisiv100-linux-uclibcgnueabi/bin/ld: cannot find -ltermcap
collect2: ld returned 1 exit status
configure:18836: $? = 1
configure: failed program was:
| /* confdefs.h.  */
| 
| #define PACKAGE_NAME ""
| #define PACKAGE_TARNAME ""
| #define PACKAGE_VERSION ""
| #define PACKAGE_STRING ""
| #define PACKAGE_BUGREPORT ""
| #define STDC_HEADERS 1
| #define HAVE_SYS_TYPES_H 1
| #define HAVE_SYS_STAT_H 1
| #define HAVE_STDLIB_H 1
| #define HAVE_STRING_H 1
| #define HAVE_MEMORY_H 1
| #define HAVE_STRINGS_H 1
| #define HAVE_INTTYPES_H 1
| #define HAVE_STDINT_H 1
| #define HAVE_UNISTD_H 1
| #define HAVE_DLFCN_H 1
| #ifdef __cplusplus
| extern "C" void exit (int) throw ();
| #endif
| #define HAVE_LIBPTHREAD 1
| /* end confdefs.h.  */
| 
| /* Override any gcc2 internal prototype to avoid an error.  */
| #ifdef __cplusplus
| extern "C"
| #endif
| /* We use char because int might match the return type of a gcc2
|    builtin and then its argument prototype would still apply.  */
| char tgetent ();
| int
| main ()
| {
| tgetent ();
|   ;
|   return 0;
| }
configure:18864: result: no
configure:18873: checking for readline in -lreadline
configure:18903: arm-hisiv100nptl-linux-gcc -o conftest -g -O2   conftest.c -lreadline   >&5
/opt/hisi-linux-nptl/arm-hisiv100-linux/bin/../lib/gcc/arm-hisiv100-linux-uclibcgnueabi/4.4.1/../../../../arm-hisiv100-linux-uclibcgnueabi/bin/ld: cannot find -lreadline
collect2: ld returned 1 exit status
configure:18909: $? = 1
configure: failed program was:
| /* confdefs.h.  */
| 
| #define PACKAGE_NAME ""
| #define PACKAGE_TARNAME ""
| #define PACKAGE_VERSION ""
| #define PACKAGE_STRING ""
| #define PACKAGE_BUGREPORT ""
| #define STDC_HEADERS 1
| #define HAVE_SYS_TYPES_H 1
| #define HAVE_SYS_STAT_H 1
| #define HAVE_STDLIB_H 1
| #define HAVE_STRING_H 1
| #define HAVE_MEMORY_H 1
| #define HAVE_STRINGS_H 1
| #define HAVE_INTTYPES_H 1
| #define HAVE_STDINT_H 1
| #define HAVE_UNISTD_H 1
| #define HAVE_DLFCN_H 1
| #ifdef __cplusplus
| extern "C" void exit (int) throw ();
| #endif
| #define HAVE_LIBPTHREAD 1
| /* end confdefs.h.  */
| 
| /* Override any gcc2 internal prototype to avoid an error.  */
| #ifdef __cplusplus
| extern "C"
| #endif
| /* We use char because int might match the return type of a gcc2
|    builtin and then its argument prototype would still apply.  */
| char readline ();
| int
| main ()
| {
| readline ();
|   ;
|   return 0;
| }
configure:18935: result: no
configure:18968: checking readline.h usability
configure:18980: arm-hisiv100nptl-linux-gcc -c -g -O2  conftest.c >&5
conftest.c:58: fatal error: readline.h: No such file or directory
compilation terminated.
configure:18986: $? = 1
configure: failed program was:
| /* confdefs.h.  */
| 
| #define PACKAGE_NAME ""
| #define PACKAGE_TARNAME ""
| #define PACKAGE_VERSION ""
| #define PACKAGE_STRING ""
| #define PACKAGE_BUGREPORT ""
| #define STDC_HEADERS 1
| #define HAVE_SYS_TYPES_H 1
| #define HAVE_SYS_STAT_H 1
| #define HAVE_STDLIB_H 1
| #define HAVE_STRING_H 1
| #define HAVE_MEMORY_H 1
| #define HAVE_STRINGS_H 1
| #define HAVE_INTTYPES_H 1
| #define HAVE_STDINT_H 1
| #define HAVE_UNISTD_H 1
| #define HAVE_DLFCN_H 1
| #ifdef __cplusplus
| extern "C" void exit (int) throw ();
| #endif
| #define HAVE_LIBPTHREAD 1
| /* end confdefs.h.  */
| #include <stdio.h>
| #if HAVE_SYS_TYPES_H
| # include <sys/types.h>
| #endif
| #if HAVE_SYS_STAT_H
| # include <sys/stat.h>
| #endif
| #if STDC_HEADERS
| # include <stdlib.h>
| # include <stddef.h>
| #else
| # if HAVE_STDLIB_H
| #  include <stdlib.h>
| # endif
| #endif
| #if HAVE_STRING_H
| # if !STDC_HEADERS && HAVE_MEMORY_H
| #  include <memory.h>
| # endif
| # include <string.h>
| #endif
| #if HAVE_STRINGS_H
| # include <strings.h>
| #endif
| #if HAVE_INTTYPES_H
| # include <inttypes.h>
| #else
| # if HAVE_STDINT_H
| #  include <stdint.h>
| # endif
| #endif
| #if HAVE_UNISTD_H
| # include <unistd.h>
| #endif
| #include <readline.h>
configure:19009: result: no
configure:19013: checking readline.h presence
configure:19023: arm-hisiv100nptl-linux-gcc -E  conftest.c
conftest.c:24: fatal error: readline.h: No such file or directory
compilation terminated.
configure:19029: $? = 1
configure: failed program was:
| /* confdefs.h.  */
| 
| #define PACKAGE_NAME ""
| #define PACKAGE_TARNAME ""
| #define PACKAGE_VERSION ""
| #define PACKAGE_STRING ""
| #define PACKAGE_BUGREPORT ""
| #define STDC_HEADERS 1
| #define HAVE_SYS_TYPES_H 1
| #define HAVE_SYS_STAT_H 1
| #define HAVE_STDLIB_H 1
| #define HAVE_STRING_H 1
| #define HAVE_MEMORY_H 1
| #define HAVE_STRINGS_H 1
| #define HAVE_INTTYPES_H 1
| #define HAVE_STDINT_H 1
| #define HAVE_UNISTD_H 1
| #define HAVE_DLFCN_H 1
| #ifdef __cplusplus
| extern "C" void exit (int) throw ();
| #endif
| #define HAVE_LIBPTHREAD 1
| /* end confdefs.h.  */
| #include <readline.h>
configure:19049: result: no
configure:19084: checking for readline.h
configure:19091: result: no
configure:19158: checking for library containing fdatasync
configure:19188: arm-hisiv100nptl-linux-gcc -o conftest -g -O2   conftest.c  >&5
configure:19194: $? = 0
configure:19198: test -z 
			 || test ! -s conftest.err
configure:19201: $? = 0
configure:19204: test -s conftest
configure:19207: $? = 0
configure:19277: result: none required
configure:19304: checking for usleep
configure:19361: arm-hisiv100nptl-linux-gcc -o conftest -g -O2   conftest.c  >&5
configure:19367: $? = 0
configure:19371: test -z 
			 || test ! -s conftest.err
configure:19374: $? = 0
configure:19377: test -s conftest
configure:19380: $? = 0
configure:19392: result: yes
configure:19403: checking for fdatasync
configure:19460: arm-hisiv100nptl-linux-gcc -o conftest -g -O2   conftest.c  >&5
configure:19466: $? = 0
configure:19470: test -z 
			 || test ! -s conftest.err
configure:19473: $? = 0
configure:19476: test -s conftest
configure:19479: $? = 0
configure:19491: result: yes
configure:19628: creating ./config.status

## ---------------------- ##
## Running config.status. ##
## ---------------------- ##

This file was extended by config.status, which was
generated by GNU Autoconf 2.59.  Invocation command line was

  CONFIG_FILES    = 
  CONFIG_HEADERS  = 
  CONFIG_LINKS    = 
  CONFIG_COMMANDS = 
  $ ./config.status 

on localhost.localdomain

config.status:700: creating Makefile
config.status:700: creating sqlite3.pc

## ---------------- ##
## Cache variables. ##
## ---------------- ##

ac_cv_build=i686-pc-linux-gnu
ac_cv_build_alias=i686-pc-linux-gnu
ac_cv_c_compiler_gnu=yes
ac_cv_cxx_compiler_gnu=yes
ac_cv_env_CC_set=
ac_cv_env_CC_value=
ac_cv_env_CFLAGS_set=
ac_cv_env_CFLAGS_value=
ac_cv_env_CPPFLAGS_set=
ac_cv_env_CPPFLAGS_value=
ac_cv_env_CPP_set=
ac_cv_env_CPP_value=
ac_cv_env_CXXCPP_set=
ac_cv_env_CXXCPP_value=
ac_cv_env_CXXFLAGS_set=
ac_cv_env_CXXFLAGS_value=
ac_cv_env_CXX_set=
ac_cv_env_CXX_value=
ac_cv_env_F77_set=
ac_cv_env_F77_value=
ac_cv_env_FFLAGS_set=
ac_cv_env_FFLAGS_value=
ac_cv_env_LDFLAGS_set=
ac_cv_env_LDFLAGS_value=
ac_cv_env_build_alias_set=
ac_cv_env_build_alias_value=
ac_cv_env_host_alias_set=set
ac_cv_env_host_alias_value=arm-hisiv100nptl-linux
ac_cv_env_target_alias_set=
ac_cv_env_target_alias_value=
ac_cv_exeext=
ac_cv_f77_compiler_gnu=yes
ac_cv_func_fdatasync=yes
ac_cv_func_usleep=yes
ac_cv_header_dlfcn_h=yes
ac_cv_header_inttypes_h=yes
ac_cv_header_memory_h=yes
ac_cv_header_readline_h=no
ac_cv_header_stdc=yes
ac_cv_header_stdint_h=yes
ac_cv_header_stdlib_h=yes
ac_cv_header_string_h=yes
ac_cv_header_strings_h=yes
ac_cv_header_sys_stat_h=yes
ac_cv_header_sys_types_h=yes
ac_cv_header_unistd_h=yes
ac_cv_host=arm-hisiv100nptl-linux-gnu
ac_cv_host_alias=arm-hisiv100nptl-linux
ac_cv_lib_pthread_pthread_create=yes
ac_cv_lib_readline_readline=no
ac_cv_objext=o
ac_cv_path_install='/usr/bin/install -c'
ac_cv_prog_AR=arm-hisiv100nptl-linux-ar
ac_cv_prog_AWK=gawk
ac_cv_prog_BUILD_CC=gcc
ac_cv_prog_CC=arm-hisiv100nptl-linux-gcc
ac_cv_prog_CPP='arm-hisiv100nptl-linux-gcc -E'
ac_cv_prog_CXX=arm-hisiv100nptl-linux-g++
ac_cv_prog_CXXCPP='arm-hisiv100nptl-linux-g++ -E'
ac_cv_prog_RANLIB=arm-hisiv100nptl-linux-ranlib
ac_cv_prog_STRIP=arm-hisiv100nptl-linux-strip
ac_cv_prog_ac_ct_F77=f95
ac_cv_prog_cc_g=yes
ac_cv_prog_cc_stdc=
ac_cv_prog_cxx_g=yes
ac_cv_prog_egrep='grep -E'
ac_cv_prog_f77_g=yes
ac_cv_search_fdatasync='none required'
ac_cv_search_tgetent=no
lt_cv_deplibs_check_method=pass_all
lt_cv_file_magic_cmd='$MAGIC_CMD'
lt_cv_file_magic_test_file=
lt_cv_ld_reload_flag=-r
lt_cv_objdir=.libs
lt_cv_path_LD=/opt/hisi-linux-nptl/arm-hisiv100-linux/arm-hisiv100-linux-uclibcgnueabi/bin/ld
lt_cv_path_LDCXX=/opt/hisi-linux-nptl/arm-hisiv100-linux/arm-hisiv100-linux-uclibcgnueabi/bin/ld
lt_cv_path_NM='/opt/hisi-linux-nptl/arm-hisiv100-linux/target/bin/arm-hisiv100nptl-linux-nm -B'
lt_cv_path_SED=/bin/sed
lt_cv_prog_compiler_c_o=yes
lt_cv_prog_compiler_c_o_CXX=yes
lt_cv_prog_compiler_c_o_F77=yes
lt_cv_prog_compiler_rtti_exceptions=no
lt_cv_prog_gnu_ld=yes
lt_cv_prog_gnu_ldcxx=yes
lt_cv_sys_global_symbol_pipe='sed -n -e '\''s/^.*[ 	]\([ABCDGIRSTW][ABCDGIRSTW]*\)[ 	][ 	]*\([_A-Za-z][_A-Za-z0-9]*\)$/\1 \2 \2/p'\'''
lt_cv_sys_global_symbol_to_c_name_address='sed -n -e '\''s/^: \([^ ]*\) $/  {\"\1\", (lt_ptr) 0},/p'\'' -e '\''s/^[BCDEGRST] \([^ ]*\) \([^ ]*\)$/  {"\2", (lt_ptr) \&\2},/p'\'''
lt_cv_sys_global_symbol_to_cdecl='sed -n -e '\''s/^. .* \(.*\)$/extern int \1;/p'\'''
lt_cv_sys_max_cmd_len=32768
lt_lt_cv_prog_compiler_c_o='"yes"'
lt_lt_cv_prog_compiler_c_o_CXX='"yes"'
lt_lt_cv_prog_compiler_c_o_F77='"yes"'
lt_lt_cv_sys_global_symbol_pipe='"sed -n -e '\''s/^.*[ 	]\\([ABCDGIRSTW][ABCDGIRSTW]*\\)[ 	][ 	]*\\([_A-Za-z][_A-Za-z0-9]*\\)\$/\\1 \\2 \\2/p'\''"'
lt_lt_cv_sys_global_symbol_to_c_name_address='"sed -n -e '\''s/^: \\([^ ]*\\) \$/  {\\\"\\1\\\", (lt_ptr) 0},/p'\'' -e '\''s/^[BCDEGRST] \\([^ ]*\\) \\([^ ]*\\)\$/  {\"\\2\", (lt_ptr) \\&\\2},/p'\''"'
lt_lt_cv_sys_global_symbol_to_cdecl='"sed -n -e '\''s/^. .* \\(.*\\)\$/extern int \\1;/p'\''"'

## ----------------- ##
## Output variables. ##
## ----------------- ##

ALLOWRELEASE=''
AR='arm-hisiv100nptl-linux-ar'
AWK='gawk'
BUILD_CC='gcc'
BUILD_CFLAGS='-g'
BUILD_EXEEXT=''
CC='arm-hisiv100nptl-linux-gcc'
CFLAGS='-g -O2'
CPP='arm-hisiv100nptl-linux-gcc -E'
CPPFLAGS=''
CXX='arm-hisiv100nptl-linux-g++'
CXXCPP='arm-hisiv100nptl-linux-g++ -E'
CXXFLAGS='-g -O2'
DEFS='-DPACKAGE_NAME=\"\" -DPACKAGE_TARNAME=\"\" -DPACKAGE_VERSION=\"\" -DPACKAGE_STRING=\"\" -DPACKAGE_BUGREPORT=\"\" -DSTDC_HEADERS=1 -DHAVE_SYS_TYPES_H=1 -DHAVE_SYS_STAT_H=1 -DHAVE_STDLIB_H=1 -DHAVE_STRING_H=1 -DHAVE_MEMORY_H=1 -DHAVE_STRINGS_H=1 -DHAVE_INTTYPES_H=1 -DHAVE_STDINT_H=1 -DHAVE_UNISTD_H=1 -DHAVE_DLFCN_H=1 -DHAVE_LIBPTHREAD=1 '
ECHO='echo'
ECHO_C=''
ECHO_N='-n'
ECHO_T=''
EGREP='grep -E'
EXEEXT=''
F77='f95'
FFLAGS='-g -O2'
HAVE_TCL=''
INSTALL_DATA='${INSTALL} -m 644'
INSTALL_PROGRAM='${INSTALL}'
INSTALL_SCRIPT='${INSTALL}'
LDFLAGS=''
LIBOBJS=''
LIBS=''
LIBTOOL='$(SHELL) $(top_builddir)/libtool'
LN_S='ln -s'
LTLIBOBJS=''
OBJEXT='o'
OS_OS2='0'
OS_UNIX='1'
OS_WIN='0'
PACKAGE_BUGREPORT=''
PACKAGE_NAME=''
PACKAGE_STRING=''
PACKAGE_TARNAME=''
PACKAGE_VERSION=''
PATH_SEPARATOR=':'
RANLIB='arm-hisiv100nptl-linux-ranlib'
RELEASE='3.5.5'
SHELL='/bin/sh'
SQLITE_THREADSAFE='1'
STRIP='arm-hisiv100nptl-linux-strip'
TARGET_DEBUG='-DNDEBUG'
TARGET_EXEEXT=''
TARGET_HAVE_READLINE='0'
TARGET_READLINE_INC=''
TARGET_READLINE_LIBS=''
TARGET_THREAD_LIB='-lpthread '
TCL_BIN_DIR=''
TCL_INCLUDE_SPEC=''
TCL_LIBS=''
TCL_LIB_FILE=''
TCL_LIB_FLAG=''
TCL_LIB_SPEC=''
TCL_SRC_DIR=''
TCL_STUB_LIB_FILE=''
TCL_STUB_LIB_FLAG=''
TCL_STUB_LIB_SPEC=''
TCL_VERSION=''
TEMP_STORE='1'
THREADSOVERRIDELOCKS='-1'
VERSION='3.5'
VERSION_NUMBER='3005005'
XTHREADCONNECT=''
ac_ct_AR=''
ac_ct_CC=''
ac_ct_CXX=''
ac_ct_F77='f95'
ac_ct_RANLIB=''
ac_ct_STRIP=''
bindir='${exec_prefix}/bin'
build='i686-pc-linux-gnu'
build_alias=''
build_cpu='i686'
build_os='linux-gnu'
build_vendor='pc'
datadir='${prefix}/share'
exec_prefix='${prefix}'
host='localhost'
host_alias='arm-hisiv100nptl-linux'
host_cpu='arm'
host_os='linux-gnu'
host_vendor='hisiv100nptl'
includedir='${prefix}/include'
infodir='${prefix}/info'
libdir='${exec_prefix}/lib'
libexecdir='${exec_prefix}/libexec'
localstatedir='${prefix}/var'
mandir='${prefix}/man'
oldincludedir='/usr/include'
prefix='/usr/local'
program_prefix=''
program_transform_name='s,x,x,'
sbindir='${exec_prefix}/sbin'
sharedstatedir='${prefix}/com'
sysconfdir='${prefix}/etc'
target_alias=''

## ----------- ##
## confdefs.h. ##
## ----------- ##

#define HAVE_DLFCN_H 1
#define HAVE_INTTYPES_H 1
#define HAVE_LIBPTHREAD 1
#define HAVE_MEMORY_H 1
#define HAVE_STDINT_H 1
#define HAVE_STDLIB_H 1
#define HAVE_STRINGS_H 1
#define HAVE_STRING_H 1
#define HAVE_SYS_STAT_H 1
#define HAVE_SYS_TYPES_H 1
#define HAVE_UNISTD_H 1
#define PACKAGE_BUGREPORT ""
#define PACKAGE_NAME ""
#define PACKAGE_STRING ""
#define PACKAGE_TARNAME ""
#define PACKAGE_VERSION ""
#define STDC_HEADERS 1
#endif
#ifdef __cplusplus
extern "C" void exit (int) throw ();

configure: exit 0
