This file contains any messages produced by compilers while
running configure, to aid debugging if configure makes a mistake.

It was created by libupnp configure 1.3.1, which was
generated by GNU Autoconf 2.59.  Invocation command line was

  $ ./configure 

## --------- ##
## Platform. ##
## --------- ##

hostname = localhost.localdomain
uname -m = i686
uname -r = 3.1.0-7.fc16.i686.PAE
uname -s = Linux
uname -v = #1 SMP Tue Nov 1 20:53:45 UTC 2011

/usr/bin/uname -p = unknown
/bin/uname -X     = unknown

/bin/arch              = i686
/usr/bin/arch -k       = unknown
/usr/convex/getsysinfo = unknown
hostinfo               = unknown
/bin/machine           = unknown
/usr/bin/oslevel       = unknown
/bin/universe          = unknown

PATH: /opt/hisi-linux/x86-arm/gcc-3.4.3-uClibc-0.9.28/usr/bin
PATH: /opt/hisi-linux/x86-arm/arm-hisiv200-linux/target/bin
PATH: /opt/hisi-linux-nptl/arm-hisiv100-linux/target/bin
PATH: /usr/lib/ccache
PATH: /usr/local/bin
PATH: /bin
PATH: /usr/bin
PATH: /usr/local/sbin
PATH: /usr/sbin
PATH: /sbin
PATH: /home/uclib/.local/bin
PATH: /home/uclib/bin


## ----------- ##
## Core tests. ##
## ----------- ##

configure:1591: checking for a BSD-compatible install
configure:1646: result: /usr/bin/install -c
configure:1657: checking whether build environment is sane
configure:1700: result: yes
configure:1765: checking for gawk
configure:1781: found /bin/gawk
configure:1791: result: gawk
configure:1801: checking whether make sets $(MAKE)
configure:1821: result: yes
configure:1897: checking for arm-hisiv100nptl-linux-strip
configure:1913: found /opt/hisi-linux-nptl/arm-hisiv100-linux/target/bin/arm-hisiv100nptl-linux-strip
configure:1923: result: arm-hisiv100nptl-linux-strip
configure:2035: checking for --enable-debug
configure:2043: result: no
configure:2085: checking for --enable-client
configure:2093: result: yes
configure:2115: checking for --enable-device
configure:2123: result: yes
configure:2148: checking for --enable-webserver
configure:2156: result: yes
configure:2189: checking for --enable-tools
configure:2197: result: yes
configure:2230: checking for arm-hisiv100nptl-linux-gcc
configure:2246: found /opt/hisi-linux-nptl/arm-hisiv100-linux/target/bin/arm-hisiv100nptl-linux-gcc
configure:2256: result: arm-hisiv100nptl-linux-gcc
configure:2538: checking for C compiler version
configure:2541: arm-hisiv100nptl-linux-gcc --version </dev/null >&5
arm-hisiv100nptl-linux-gcc (Hisilicon_v100(gcc4.4-290+uclibc_0.9.32.1+eabi+linuxpthread)) 4.4.1
Copyright (C) 2009 Free Software Foundation, Inc.
This is free software; see the source for copying conditions.  There is NO
warranty; not even for MERCHANTABILITY or FITNESS FOR A PARTICULAR PURPOSE.

configure:2544: $? = 0
configure:2546: arm-hisiv100nptl-linux-gcc -v </dev/null >&5
Using built-in specs.
Target: arm-hisiv100-linux-uclibcgnueabi
Configured with: ../gcc-4.4-2010q1/configure --host=i486-linux-gnu --build=i486-linux-gnu --target=arm-hisiv100-linux-uclibcgnueabi --prefix=/home/sying/uclibc_h3/hisiv100_finalnptl_src/hisiv100_src/install/arm-hisiv100-linux --enable-threads --disable-libmudflap --disable-libssp --disable-libstdcxx-pch --with-arch=armv5te --with-gnu-as --with-gnu-ld --enable-languages=c,c++ --enable-shared --enable-lto --enable-symvers=gnu --enable-__cxa_atexit --disable-nls --enable-extra-hisi-multilibs --with-sysroot=/home/sying/uclibc_h3/hisiv100_finalnptl_src/hisiv100_src/install/arm-hisiv100-linux/target --with-build-sysroot=/home/sying/uclibc_h3/hisiv100_finalnptl_src/hisiv100_src/install/arm-hisiv100-linux/target --with-gmp=/home/sying/uclibc_h3/hisiv100_finalnptl_src/hisiv100_src/install/host_lib --with-mpfr=/home/sying/uclibc_h3/hisiv100_finalnptl_src/hisiv100_src/install/host_lib --with-ppl=/home/sying/uclibc_h3/hisiv100_finalnptl_src/hisiv100_src/install/host_lib --with-cloog=/home/sying/uclibc_h3/hisiv100_finalnptl_src/hisiv100_src/install/host_lib --with-libelf=/home/sying/uclibc_h3/hisiv100_finalnptl_src/hisiv100_src/install/host_lib --with-host-libstdcxx='-static-libgcc -Wl,-Bstatic,-lstdc++,-Bstatic -lm' --enable-libgomp --enable-poison-system-directories --with-libelf=/home/sying/uclibc_h3/hisiv100_finalnptl_src/hisiv100_src/install/host_lib --with-pkgversion='Hisilicon_v100(gcc4.4-290+uclibc_0.9.32.1+eabi+linuxpthread)' --with-bugurl=http://www.hisilicon.com/cn/service/claim.html
Thread model: posix
gcc version 4.4.1 (Hisilicon_v100(gcc4.4-290+uclibc_0.9.32.1+eabi+linuxpthread)) 
configure:2549: $? = 0
configure:2551: arm-hisiv100nptl-linux-gcc -V </dev/null >&5
arm-hisiv100nptl-linux-gcc: '-V' option must have argument
configure:2554: $? = 1
configure:2577: checking for C compiler default output file name
configure:2580: arm-hisiv100nptl-linux-gcc    conftest.c  >&5
configure:2583: $? = 0
configure:2629: result: a.out
configure:2634: checking whether the C compiler works
configure:2660: result: yes
configure:2667: checking whether we are cross compiling
configure:2669: result: yes
configure:2672: checking for suffix of executables
configure:2674: arm-hisiv100nptl-linux-gcc -o conftest    conftest.c  >&5
configure:2677: $? = 0
configure:2702: result: 
configure:2708: checking for suffix of object files
configure:2729: arm-hisiv100nptl-linux-gcc -c   conftest.c >&5
configure:2732: $? = 0
configure:2754: result: o
configure:2758: checking whether we are using the GNU C compiler
configure:2782: arm-hisiv100nptl-linux-gcc -c   conftest.c >&5
configure:2788: $? = 0
configure:2792: test -z 
			 || test ! -s conftest.err
configure:2795: $? = 0
configure:2798: test -s conftest.o
configure:2801: $? = 0
configure:2814: result: yes
configure:2820: checking whether arm-hisiv100nptl-linux-gcc accepts -g
configure:2841: arm-hisiv100nptl-linux-gcc -c -g  conftest.c >&5
configure:2847: $? = 0
configure:2851: test -z 
			 || test ! -s conftest.err
configure:2854: $? = 0
configure:2857: test -s conftest.o
configure:2860: $? = 0
configure:2871: result: yes
configure:2888: checking for arm-hisiv100nptl-linux-gcc option to accept ANSI C
configure:2958: arm-hisiv100nptl-linux-gcc  -c -g -O2  conftest.c >&5
configure:2964: $? = 0
configure:2968: test -z 
			 || test ! -s conftest.err
configure:2971: $? = 0
configure:2974: test -s conftest.o
configure:2977: $? = 0
configure:2995: result: none needed
configure:3013: arm-hisiv100nptl-linux-gcc -c -g -O2  conftest.c >&5
conftest.c:2: error: expected '=', ',', ';', 'asm' or '__attribute__' before 'me'
configure:3019: $? = 1
configure: failed program was:
| #ifndef __cplusplus
|   choke me
| #endif
configure:3163: checking for style of include used by make
configure:3191: result: GNU
configure:3219: checking dependency style of arm-hisiv100nptl-linux-gcc
configure:3309: result: gcc3
configure:3327: checking whether arm-hisiv100nptl-linux-gcc and cc understand -c and -o together
configure:3357: arm-hisiv100nptl-linux-gcc -c conftest.c -o conftest.o >&5
configure:3360: $? = 0
configure:3362: arm-hisiv100nptl-linux-gcc -c conftest.c -o conftest.o >&5
configure:3365: $? = 0
configure:3372: cc -c conftest.c >&5
configure:3375: $? = 0
configure:3378: cc -c conftest.c -o conftest.o >&5
configure:3381: $? = 0
configure:3383: cc -c conftest.c -o conftest.o >&5
configure:3386: $? = 0
configure:3404: result: yes
configure:3507: checking build system type
configure:3525: result: i686-pc-linux-gnu
configure:3533: checking host system type
configure:3547: result: i686-pc-linux-gnu
configure:3555: checking for a sed that does not truncate output
configure:3609: result: /bin/sed
configure:3612: checking for egrep
configure:3622: result: grep -E
configure:3638: checking for ld used by arm-hisiv100nptl-linux-gcc
configure:3705: result: /opt/hisi-linux-nptl/arm-hisiv100-linux/arm-hisiv100-linux-uclibcgnueabi/bin/ld
configure:3714: checking if the linker (/opt/hisi-linux-nptl/arm-hisiv100-linux/arm-hisiv100-linux-uclibcgnueabi/bin/ld) is GNU ld
configure:3729: result: yes
configure:3734: checking for /opt/hisi-linux-nptl/arm-hisiv100-linux/arm-hisiv100-linux-uclibcgnueabi/bin/ld option to reload object files
configure:3741: result: -r
configure:3750: checking for BSD-compatible nm
configure:3792: result: /opt/hisi-linux-nptl/arm-hisiv100-linux/target/bin/arm-hisiv100nptl-linux-nm -B
configure:3796: checking whether ln -s works
configure:3800: result: yes
configure:3807: checking how to recognise dependent libraries
configure:3990: result: pass_all
configure:4209: checking how to run the C preprocessor
configure:4244: arm-hisiv100nptl-linux-gcc -E  conftest.c
configure:4250: $? = 0
configure:4282: arm-hisiv100nptl-linux-gcc -E  conftest.c
conftest.c:21: fatal error: ac_nonexistent.h: No such file or directory
compilation terminated.
configure:4288: $? = 1
configure: failed program was:
| /* confdefs.h.  */
| 
| #define PACKAGE_NAME "libupnp"
| #define PACKAGE_TARNAME "libupnp"
| #define PACKAGE_VERSION "1.3.1"
| #define PACKAGE_STRING "libupnp 1.3.1"
| #define PACKAGE_BUGREPORT "r3mi@users.sourceforge.net"
| #define PACKAGE "libupnp"
| #define VERSION "1.3.1"
| #define UPNP_VERSION_STRING "1.3.1"
| #define UPNP_VERSION_MAJOR 1
| #define UPNP_VERSION_MINOR 3
| #define UPNP_VERSION_PATCH 1
| #define NO_DEBUG 1
| #define NDEBUG 1
| #define UPNP_HAVE_CLIENT 1
| #define UPNP_HAVE_DEVICE 1
| #define UPNP_HAVE_WEBSERVER 1
| #define UPNP_HAVE_TOOLS 1
| /* end confdefs.h.  */
| #include <ac_nonexistent.h>
configure:4327: result: arm-hisiv100nptl-linux-gcc -E
configure:4351: arm-hisiv100nptl-linux-gcc -E  conftest.c
configure:4357: $? = 0
configure:4389: arm-hisiv100nptl-linux-gcc -E  conftest.c
conftest.c:21: fatal error: ac_nonexistent.h: No such file or directory
compilation terminated.
configure:4395: $? = 1
configure: failed program was:
| /* confdefs.h.  */
| 
| #define PACKAGE_NAME "libupnp"
| #define PACKAGE_TARNAME "libupnp"
| #define PACKAGE_VERSION "1.3.1"
| #define PACKAGE_STRING "libupnp 1.3.1"
| #define PACKAGE_BUGREPORT "r3mi@users.sourceforge.net"
| #define PACKAGE "libupnp"
| #define VERSION "1.3.1"
| #define UPNP_VERSION_STRING "1.3.1"
| #define UPNP_VERSION_MAJOR 1
| #define UPNP_VERSION_MINOR 3
| #define UPNP_VERSION_PATCH 1
| #define NO_DEBUG 1
| #define NDEBUG 1
| #define UPNP_HAVE_CLIENT 1
| #define UPNP_HAVE_DEVICE 1
| #define UPNP_HAVE_WEBSERVER 1
| #define UPNP_HAVE_TOOLS 1
| /* end confdefs.h.  */
| #include <ac_nonexistent.h>
configure:4439: checking for ANSI C header files
configure:4464: arm-hisiv100nptl-linux-gcc -c -g -O2  conftest.c >&5
configure:4470: $? = 0
configure:4474: test -z 
			 || test ! -s conftest.err
configure:4477: $? = 0
configure:4480: test -s conftest.o
configure:4483: $? = 0
configure:4595: result: yes
configure:4619: checking for sys/types.h
configure:4635: arm-hisiv100nptl-linux-gcc -c -g -O2  conftest.c >&5
configure:4641: $? = 0
configure:4645: test -z 
			 || test ! -s conftest.err
configure:4648: $? = 0
configure:4651: test -s conftest.o
configure:4654: $? = 0
configure:4665: result: yes
configure:4619: checking for sys/stat.h
configure:4635: arm-hisiv100nptl-linux-gcc -c -g -O2  conftest.c >&5
configure:4641: $? = 0
configure:4645: test -z 
			 || test ! -s conftest.err
configure:4648: $? = 0
configure:4651: test -s conftest.o
configure:4654: $? = 0
configure:4665: result: yes
configure:4619: checking for stdlib.h
configure:4635: arm-hisiv100nptl-linux-gcc -c -g -O2  conftest.c >&5
configure:4641: $? = 0
configure:4645: test -z 
			 || test ! -s conftest.err
configure:4648: $? = 0
configure:4651: test -s conftest.o
configure:4654: $? = 0
configure:4665: result: yes
configure:4619: checking for string.h
configure:4635: arm-hisiv100nptl-linux-gcc -c -g -O2  conftest.c >&5
configure:4641: $? = 0
configure:4645: test -z 
			 || test ! -s conftest.err
configure:4648: $? = 0
configure:4651: test -s conftest.o
configure:4654: $? = 0
configure:4665: result: yes
configure:4619: checking for memory.h
configure:4635: arm-hisiv100nptl-linux-gcc -c -g -O2  conftest.c >&5
configure:4641: $? = 0
configure:4645: test -z 
			 || test ! -s conftest.err
configure:4648: $? = 0
configure:4651: test -s conftest.o
configure:4654: $? = 0
configure:4665: result: yes
configure:4619: checking for strings.h
configure:4635: arm-hisiv100nptl-linux-gcc -c -g -O2  conftest.c >&5
configure:4641: $? = 0
configure:4645: test -z 
			 || test ! -s conftest.err
configure:4648: $? = 0
configure:4651: test -s conftest.o
configure:4654: $? = 0
configure:4665: result: yes
configure:4619: checking for inttypes.h
configure:4635: arm-hisiv100nptl-linux-gcc -c -g -O2  conftest.c >&5
configure:4641: $? = 0
configure:4645: test -z 
			 || test ! -s conftest.err
configure:4648: $? = 0
configure:4651: test -s conftest.o
configure:4654: $? = 0
configure:4665: result: yes
configure:4619: checking for stdint.h
configure:4635: arm-hisiv100nptl-linux-gcc -c -g -O2  conftest.c >&5
configure:4641: $? = 0
configure:4645: test -z 
			 || test ! -s conftest.err
configure:4648: $? = 0
configure:4651: test -s conftest.o
configure:4654: $? = 0
configure:4665: result: yes
configure:4619: checking for unistd.h
configure:4635: arm-hisiv100nptl-linux-gcc -c -g -O2  conftest.c >&5
configure:4641: $? = 0
configure:4645: test -z 
			 || test ! -s conftest.err
configure:4648: $? = 0
configure:4651: test -s conftest.o
configure:4654: $? = 0
configure:4665: result: yes
configure:4691: checking dlfcn.h usability
configure:4703: arm-hisiv100nptl-linux-gcc -c -g -O2  conftest.c >&5
configure:4709: $? = 0
configure:4713: test -z 
			 || test ! -s conftest.err
configure:4716: $? = 0
configure:4719: test -s conftest.o
configure:4722: $? = 0
configure:4732: result: yes
configure:4736: checking dlfcn.h presence
configure:4746: arm-hisiv100nptl-linux-gcc -E  conftest.c
configure:4752: $? = 0
configure:4772: result: yes
configure:4807: checking for dlfcn.h
configure:4814: result: yes
configure:4837: checking for arm-hisiv100nptl-linux-gcc
configure:4853: found /opt/hisi-linux-nptl/arm-hisiv100-linux/target/bin/arm-hisiv100nptl-linux-gcc
configure:4863: result: arm-hisiv100nptl-linux-gcc
configure:4921: checking for C++ compiler version
configure:4924: arm-hisiv100nptl-linux-gcc --version </dev/null >&5
arm-hisiv100nptl-linux-gcc (Hisilicon_v100(gcc4.4-290+uclibc_0.9.32.1+eabi+linuxpthread)) 4.4.1
Copyright (C) 2009 Free Software Foundation, Inc.
This is free software; see the source for copying conditions.  There is NO
warranty; not even for MERCHANTABILITY or FITNESS FOR A PARTICULAR PURPOSE.

configure:4927: $? = 0
configure:4929: arm-hisiv100nptl-linux-gcc -v </dev/null >&5
Using built-in specs.
Target: arm-hisiv100-linux-uclibcgnueabi
Configured with: ../gcc-4.4-2010q1/configure --host=i486-linux-gnu --build=i486-linux-gnu --target=arm-hisiv100-linux-uclibcgnueabi --prefix=/home/sying/uclibc_h3/hisiv100_finalnptl_src/hisiv100_src/install/arm-hisiv100-linux --enable-threads --disable-libmudflap --disable-libssp --disable-libstdcxx-pch --with-arch=armv5te --with-gnu-as --with-gnu-ld --enable-languages=c,c++ --enable-shared --enable-lto --enable-symvers=gnu --enable-__cxa_atexit --disable-nls --enable-extra-hisi-multilibs --with-sysroot=/home/sying/uclibc_h3/hisiv100_finalnptl_src/hisiv100_src/install/arm-hisiv100-linux/target --with-build-sysroot=/home/sying/uclibc_h3/hisiv100_finalnptl_src/hisiv100_src/install/arm-hisiv100-linux/target --with-gmp=/home/sying/uclibc_h3/hisiv100_finalnptl_src/hisiv100_src/install/host_lib --with-mpfr=/home/sying/uclibc_h3/hisiv100_finalnptl_src/hisiv100_src/install/host_lib --with-ppl=/home/sying/uclibc_h3/hisiv100_finalnptl_src/hisiv100_src/install/host_lib --with-cloog=/home/sying/uclibc_h3/hisiv100_finalnptl_src/hisiv100_src/install/host_lib --with-libelf=/home/sying/uclibc_h3/hisiv100_finalnptl_src/hisiv100_src/install/host_lib --with-host-libstdcxx='-static-libgcc -Wl,-Bstatic,-lstdc++,-Bstatic -lm' --enable-libgomp --enable-poison-system-directories --with-libelf=/home/sying/uclibc_h3/hisiv100_finalnptl_src/hisiv100_src/install/host_lib --with-pkgversion='Hisilicon_v100(gcc4.4-290+uclibc_0.9.32.1+eabi+linuxpthread)' --with-bugurl=http://www.hisilicon.com/cn/service/claim.html
Thread model: posix
gcc version 4.4.1 (Hisilicon_v100(gcc4.4-290+uclibc_0.9.32.1+eabi+linuxpthread)) 
configure:4932: $? = 0
configure:4934: arm-hisiv100nptl-linux-gcc -V </dev/null >&5
arm-hisiv100nptl-linux-gcc: '-V' option must have argument
configure:4937: $? = 1
configure:4940: checking whether we are using the GNU C++ compiler
configure:4964: arm-hisiv100nptl-linux-gcc -c   conftest.cc >&5
configure:4970: $? = 0
configure:4974: test -z 
			 || test ! -s conftest.err
configure:4977: $? = 0
configure:4980: test -s conftest.o
configure:4983: $? = 0
configure:4996: result: yes
configure:5002: checking whether arm-hisiv100nptl-linux-gcc accepts -g
configure:5023: arm-hisiv100nptl-linux-gcc -c -g  conftest.cc >&5
configure:5029: $? = 0
configure:5033: test -z 
			 || test ! -s conftest.err
configure:5036: $? = 0
configure:5039: test -s conftest.o
configure:5042: $? = 0
configure:5053: result: yes
configure:5095: arm-hisiv100nptl-linux-gcc -c -g -O2  conftest.cc >&5
configure:5101: $? = 0
configure:5105: test -z 
			 || test ! -s conftest.err
configure:5108: $? = 0
configure:5111: test -s conftest.o
configure:5114: $? = 0
configure:5140: arm-hisiv100nptl-linux-gcc -c -g -O2  conftest.cc >&5
conftest.cc: In function 'int main()':
conftest.cc:36: error: 'exit' was not declared in this scope
configure:5146: $? = 1
configure: failed program was:
| /* confdefs.h.  */
| 
| #define PACKAGE_NAME "libupnp"
| #define PACKAGE_TARNAME "libupnp"
| #define PACKAGE_VERSION "1.3.1"
| #define PACKAGE_STRING "libupnp 1.3.1"
| #define PACKAGE_BUGREPORT "r3mi@users.sourceforge.net"
| #define PACKAGE "libupnp"
| #define VERSION "1.3.1"
| #define UPNP_VERSION_STRING "1.3.1"
| #define UPNP_VERSION_MAJOR 1
| #define UPNP_VERSION_MINOR 3
| #define UPNP_VERSION_PATCH 1
| #define NO_DEBUG 1
| #define NDEBUG 1
| #define UPNP_HAVE_CLIENT 1
| #define UPNP_HAVE_DEVICE 1
| #define UPNP_HAVE_WEBSERVER 1
| #define UPNP_HAVE_TOOLS 1
| #define STDC_HEADERS 1
| #define HAVE_SYS_TYPES_H 1
| #define HAVE_SYS_STAT_H 1
| #define HAVE_STDLIB_H 1
| #define HAVE_STRING_H 1
| #define HAVE_MEMORY_H 1
| #define HAVE_STRINGS_H 1
| #define HAVE_INTTYPES_H 1
| #define HAVE_STDINT_H 1
| #define HAVE_UNISTD_H 1
| #define HAVE_DLFCN_H 1
| /* end confdefs.h.  */
| 
| int
| main ()
| {
| exit (42);
|   ;
|   return 0;
| }
configure:5095: arm-hisiv100nptl-linux-gcc -c -g -O2  conftest.cc >&5
conftest.cc:32: error: 'void std::exit(int)' should have been declared inside 'std'
configure:5101: $? = 1
configure: failed program was:
| /* confdefs.h.  */
| 
| #define PACKAGE_NAME "libupnp"
| #define PACKAGE_TARNAME "libupnp"
| #define PACKAGE_VERSION "1.3.1"
| #define PACKAGE_STRING "libupnp 1.3.1"
| #define PACKAGE_BUGREPORT "r3mi@users.sourceforge.net"
| #define PACKAGE "libupnp"
| #define VERSION "1.3.1"
| #define UPNP_VERSION_STRING "1.3.1"
| #define UPNP_VERSION_MAJOR 1
| #define UPNP_VERSION_MINOR 3
| #define UPNP_VERSION_PATCH 1
| #define NO_DEBUG 1
| #define NDEBUG 1
| #define UPNP_HAVE_CLIENT 1
| #define UPNP_HAVE_DEVICE 1
| #define UPNP_HAVE_WEBSERVER 1
| #define UPNP_HAVE_TOOLS 1
| #define STDC_HEADERS 1
| #define HAVE_SYS_TYPES_H 1
| #define HAVE_SYS_STAT_H 1
| #define HAVE_STDLIB_H 1
| #define HAVE_STRING_H 1
| #define HAVE_MEMORY_H 1
| #define HAVE_STRINGS_H 1
| #define HAVE_INTTYPES_H 1
| #define HAVE_STDINT_H 1
| #define HAVE_UNISTD_H 1
| #define HAVE_DLFCN_H 1
| /* end confdefs.h.  */
| extern "C" void std::exit (int) throw (); using std::exit;
| #include <stdlib.h>
| int
| main ()
| {
| exit (42);
|   ;
|   return 0;
| }
configure:5095: arm-hisiv100nptl-linux-gcc -c -g -O2  conftest.cc >&5
conftest.cc:32: error: 'void std::exit(int)' should have been declared inside 'std'
In file included from conftest.cc:33:
/opt/hisi-linux-nptl/arm-hisiv100-linux/bin/../target/usr/include/stdlib.h:532: error: declaration of 'void std::exit(int) throw ()' throws different exceptions
conftest.cc:32: error: from previous declaration 'void std::exit(int)'
configure:5101: $? = 1
configure: failed program was:
| /* confdefs.h.  */
| 
| #define PACKAGE_NAME "libupnp"
| #define PACKAGE_TARNAME "libupnp"
| #define PACKAGE_VERSION "1.3.1"
| #define PACKAGE_STRING "libupnp 1.3.1"
| #define PACKAGE_BUGREPORT "r3mi@users.sourceforge.net"
| #define PACKAGE "libupnp"
| #define VERSION "1.3.1"
| #define UPNP_VERSION_STRING "1.3.1"
| #define UPNP_VERSION_MAJOR 1
| #define UPNP_VERSION_MINOR 3
| #define UPNP_VERSION_PATCH 1
| #define NO_DEBUG 1
| #define NDEBUG 1
| #define UPNP_HAVE_CLIENT 1
| #define UPNP_HAVE_DEVICE 1
| #define UPNP_HAVE_WEBSERVER 1
| #define UPNP_HAVE_TOOLS 1
| #define STDC_HEADERS 1
| #define HAVE_SYS_TYPES_H 1
| #define HAVE_SYS_STAT_H 1
| #define HAVE_STDLIB_H 1
| #define HAVE_STRING_H 1
| #define HAVE_MEMORY_H 1
| #define HAVE_STRINGS_H 1
| #define HAVE_INTTYPES_H 1
| #define HAVE_STDINT_H 1
| #define HAVE_UNISTD_H 1
| #define HAVE_DLFCN_H 1
| /* end confdefs.h.  */
| extern "C" void std::exit (int); using std::exit;
| #include <stdlib.h>
| int
| main ()
| {
| exit (42);
|   ;
|   return 0;
| }
configure:5095: arm-hisiv100nptl-linux-gcc -c -g -O2  conftest.cc >&5
configure:5101: $? = 0
configure:5105: test -z 
			 || test ! -s conftest.err
configure:5108: $? = 0
configure:5111: test -s conftest.o
configure:5114: $? = 0
configure:5140: arm-hisiv100nptl-linux-gcc -c -g -O2  conftest.cc >&5
configure:5146: $? = 0
configure:5150: test -z 
			 || test ! -s conftest.err
configure:5153: $? = 0
configure:5156: test -s conftest.o
configure:5159: $? = 0
configure:5184: checking dependency style of arm-hisiv100nptl-linux-gcc
configure:5274: result: gcc3
configure:5296: checking how to run the C++ preprocessor
configure:5327: arm-hisiv100nptl-linux-gcc -E  conftest.cc
configure:5333: $? = 0
configure:5365: arm-hisiv100nptl-linux-gcc -E  conftest.cc
conftest.cc:35: fatal error: ac_nonexistent.h: No such file or directory
compilation terminated.
configure:5371: $? = 1
configure: failed program was:
| /* confdefs.h.  */
| 
| #define PACKAGE_NAME "libupnp"
| #define PACKAGE_TARNAME "libupnp"
| #define PACKAGE_VERSION "1.3.1"
| #define PACKAGE_STRING "libupnp 1.3.1"
| #define PACKAGE_BUGREPORT "r3mi@users.sourceforge.net"
| #define PACKAGE "libupnp"
| #define VERSION "1.3.1"
| #define UPNP_VERSION_STRING "1.3.1"
| #define UPNP_VERSION_MAJOR 1
| #define UPNP_VERSION_MINOR 3
| #define UPNP_VERSION_PATCH 1
| #define NO_DEBUG 1
| #define NDEBUG 1
| #define UPNP_HAVE_CLIENT 1
| #define UPNP_HAVE_DEVICE 1
| #define UPNP_HAVE_WEBSERVER 1
| #define UPNP_HAVE_TOOLS 1
| #define STDC_HEADERS 1
| #define HAVE_SYS_TYPES_H 1
| #define HAVE_SYS_STAT_H 1
| #define HAVE_STDLIB_H 1
| #define HAVE_STRING_H 1
| #define HAVE_MEMORY_H 1
| #define HAVE_STRINGS_H 1
| #define HAVE_INTTYPES_H 1
| #define HAVE_STDINT_H 1
| #define HAVE_UNISTD_H 1
| #define HAVE_DLFCN_H 1
| #ifdef __cplusplus
| extern "C" void exit (int) throw ();
| #endif
| /* end confdefs.h.  */
| #include <ac_nonexistent.h>
configure:5410: result: arm-hisiv100nptl-linux-gcc -E
configure:5434: arm-hisiv100nptl-linux-gcc -E  conftest.cc
configure:5440: $? = 0
configure:5472: arm-hisiv100nptl-linux-gcc -E  conftest.cc
conftest.cc:35: fatal error: ac_nonexistent.h: No such file or directory
compilation terminated.
configure:5478: $? = 1
configure: failed program was:
| /* confdefs.h.  */
| 
| #define PACKAGE_NAME "libupnp"
| #define PACKAGE_TARNAME "libupnp"
| #define PACKAGE_VERSION "1.3.1"
| #define PACKAGE_STRING "libupnp 1.3.1"
| #define PACKAGE_BUGREPORT "r3mi@users.sourceforge.net"
| #define PACKAGE "libupnp"
| #define VERSION "1.3.1"
| #define UPNP_VERSION_STRING "1.3.1"
| #define UPNP_VERSION_MAJOR 1
| #define UPNP_VERSION_MINOR 3
| #define UPNP_VERSION_PATCH 1
| #define NO_DEBUG 1
| #define NDEBUG 1
| #define UPNP_HAVE_CLIENT 1
| #define UPNP_HAVE_DEVICE 1
| #define UPNP_HAVE_WEBSERVER 1
| #define UPNP_HAVE_TOOLS 1
| #define STDC_HEADERS 1
| #define HAVE_SYS_TYPES_H 1
| #define HAVE_SYS_STAT_H 1
| #define HAVE_STDLIB_H 1
| #define HAVE_STRING_H 1
| #define HAVE_MEMORY_H 1
| #define HAVE_STRINGS_H 1
| #define HAVE_INTTYPES_H 1
| #define HAVE_STDINT_H 1
| #define HAVE_UNISTD_H 1
| #define HAVE_DLFCN_H 1
| #ifdef __cplusplus
| extern "C" void exit (int) throw ();
| #endif
| /* end confdefs.h.  */
| #include <ac_nonexistent.h>
configure:5531: checking for arm-hisiv100nptl-linux-g77
configure:5560: result: no
configure:5531: checking for arm-hisiv100nptl-linux-f77
configure:5560: result: no
configure:5531: checking for arm-hisiv100nptl-linux-xlf
configure:5560: result: no
configure:5531: checking for arm-hisiv100nptl-linux-frt
configure:5560: result: no
configure:5531: checking for arm-hisiv100nptl-linux-pgf77
configure:5560: result: no
configure:5531: checking for arm-hisiv100nptl-linux-fort77
configure:5560: result: no
configure:5531: checking for arm-hisiv100nptl-linux-fl32
configure:5560: result: no
configure:5531: checking for arm-hisiv100nptl-linux-af77
configure:5560: result: no
configure:5531: checking for arm-hisiv100nptl-linux-f90
configure:5560: result: no
configure:5531: checking for arm-hisiv100nptl-linux-xlf90
configure:5560: result: no
configure:5531: checking for arm-hisiv100nptl-linux-pgf90
configure:5560: result: no
configure:5531: checking for arm-hisiv100nptl-linux-epcf90
configure:5560: result: no
configure:5531: checking for arm-hisiv100nptl-linux-f95
configure:5560: result: no
configure:5531: checking for arm-hisiv100nptl-linux-fort
configure:5560: result: no
configure:5531: checking for arm-hisiv100nptl-linux-xlf95
configure:5560: result: no
configure:5531: checking for arm-hisiv100nptl-linux-ifc
configure:5560: result: no
configure:5531: checking for arm-hisiv100nptl-linux-efc
configure:5560: result: no
configure:5531: checking for arm-hisiv100nptl-linux-pgf95
configure:5560: result: no
configure:5531: checking for arm-hisiv100nptl-linux-lf95
configure:5560: result: no
configure:5531: checking for arm-hisiv100nptl-linux-gfortran
configure:5560: result: no
configure:5573: checking for g77
configure:5602: result: no
configure:5573: checking for f77
configure:5602: result: no
configure:5573: checking for xlf
configure:5602: result: no
configure:5573: checking for frt
configure:5602: result: no
configure:5573: checking for pgf77
configure:5602: result: no
configure:5573: checking for fort77
configure:5602: result: no
configure:5573: checking for fl32
configure:5602: result: no
configure:5573: checking for af77
configure:5602: result: no
configure:5573: checking for f90
configure:5602: result: no
configure:5573: checking for xlf90
configure:5602: result: no
configure:5573: checking for pgf90
configure:5602: result: no
configure:5573: checking for epcf90
configure:5602: result: no
configure:5573: checking for f95
configure:5589: found /usr/bin/f95
configure:5599: result: f95
configure:5614: checking for Fortran 77 compiler version
configure:5617: f95 --version </dev/null >&5
GNU Fortran (GCC) 4.6.2 20111027 (Red Hat 4.6.2-1)
Copyright (C) 2011 Free Software Foundation, Inc.

GNU Fortran comes with NO WARRANTY, to the extent permitted by law.
You may redistribute copies of GNU Fortran
under the terms of the GNU General Public License.
For more information about these matters, see the file named COPYING

configure:5620: $? = 0
configure:5622: f95 -v </dev/null >&5
Using built-in specs.
COLLECT_GCC=f95
COLLECT_LTO_WRAPPER=/usr/libexec/gcc/i686-redhat-linux/4.6.2/lto-wrapper
Target: i686-redhat-linux
Configured with: ../configure --prefix=/usr --mandir=/usr/share/man --infodir=/usr/share/info --with-bugurl=http://bugzilla.redhat.com/bugzilla --enable-bootstrap --enable-shared --enable-threads=posix --enable-checking=release --with-system-zlib --enable-__cxa_atexit --disable-libunwind-exceptions --enable-gnu-unique-object --enable-linker-build-id --enable-languages=c,c++,objc,obj-c++,java,fortran,ada,go,lto --enable-plugin --enable-java-awt=gtk --disable-dssi --with-java-home=/usr/lib/jvm/java-1.5.0-gcj-1.5.0.0/jre --enable-libgcj-multifile --enable-java-maintainer-mode --with-ecj-jar=/usr/share/java/eclipse-ecj.jar --disable-libjava-multilib --with-ppl --with-cloog --with-tune=generic --with-arch=i686 --build=i686-redhat-linux
Thread model: posix
gcc version 4.6.2 20111027 (Red Hat 4.6.2-1) (GCC) 
configure:5625: $? = 0
configure:5627: f95 -V </dev/null >&5
f95: error: unrecognized option '-V'
f95: fatal error: no input files
compilation terminated.
configure:5630: $? = 4
configure:5638: checking whether we are using the GNU Fortran 77 compiler
configure:5652: f95 -c  conftest.F >&5
configure:5658: $? = 0
configure:5662: test -z 
			 || test ! -s conftest.err
configure:5665: $? = 0
configure:5668: test -s conftest.o
configure:5671: $? = 0
configure:5684: result: yes
configure:5690: checking whether f95 accepts -g
configure:5702: f95 -c -g conftest.f >&5
configure:5708: $? = 0
configure:5712: test -z 
			 || test ! -s conftest.err
configure:5715: $? = 0
configure:5718: test -s conftest.o
configure:5721: $? = 0
configure:5733: result: yes
configure:5763: checking the maximum length of command line arguments
configure:5828: result: 32768
configure:5839: checking command to parse /opt/hisi-linux-nptl/arm-hisiv100-linux/target/bin/arm-hisiv100nptl-linux-nm -B output from arm-hisiv100nptl-linux-gcc object
configure:5928: arm-hisiv100nptl-linux-gcc -c -g -O2  conftest.c >&5
configure:5931: $? = 0
configure:5935: /opt/hisi-linux-nptl/arm-hisiv100-linux/target/bin/arm-hisiv100nptl-linux-nm -B conftest.o \| sed -n -e 's/^.*[ 	]\([ABCDGIRSTW][ABCDGIRSTW]*\)[ 	][ 	]*\(\)\([_A-Za-z][_A-Za-z0-9]*\)$/\1 \2\3 \3/p' \> conftest.nm
configure:5938: $? = 0
configure:5990: arm-hisiv100nptl-linux-gcc -o conftest -g -O2   conftest.c conftstm.o >&5
configure:5993: $? = 0
configure:6031: result: ok
configure:6035: checking for objdir
configure:6050: result: .libs
configure:6102: checking for arm-hisiv100nptl-linux-ar
configure:6118: found /opt/hisi-linux-nptl/arm-hisiv100-linux/target/bin/arm-hisiv100nptl-linux-ar
configure:6128: result: arm-hisiv100nptl-linux-ar
configure:6182: checking for arm-hisiv100nptl-linux-ranlib
configure:6198: found /opt/hisi-linux-nptl/arm-hisiv100-linux/target/bin/arm-hisiv100nptl-linux-ranlib
configure:6208: result: arm-hisiv100nptl-linux-ranlib
configure:6262: checking for arm-hisiv100nptl-linux-strip
configure:6288: result: arm-hisiv100nptl-linux-strip
configure:6589: checking if arm-hisiv100nptl-linux-gcc static flag  works
configure:6612: result: yes
configure:6630: checking if arm-hisiv100nptl-linux-gcc supports -fno-rtti -fno-exceptions
configure:6648: arm-hisiv100nptl-linux-gcc -c -g -O2  -fno-rtti -fno-exceptions conftest.c >&5
cc1: warning: command line option "-fno-rtti" is valid for C++/ObjC++ but not for C
configure:6652: $? = 0
configure:6663: result: no
configure:6678: checking for arm-hisiv100nptl-linux-gcc option to produce PIC
configure:6855: result: -fPIC
configure:6863: checking if arm-hisiv100nptl-linux-gcc PIC flag -fPIC works
configure:6881: arm-hisiv100nptl-linux-gcc -c -g -O2  -fPIC -DPIC conftest.c >&5
configure:6885: $? = 0
configure:6896: result: yes
configure:6920: checking if arm-hisiv100nptl-linux-gcc supports -c -o file.o
configure:6941: arm-hisiv100nptl-linux-gcc -c -g -O2  -o out/conftest2.o conftest.c >&5
configure:6945: $? = 0
configure:6965: result: yes
configure:6991: checking whether the arm-hisiv100nptl-linux-gcc linker (/opt/hisi-linux-nptl/arm-hisiv100-linux/arm-hisiv100-linux-uclibcgnueabi/bin/ld) supports shared libraries
configure:7839: result: yes
configure:7865: checking whether -lc should be explicitly linked in
configure:7870: arm-hisiv100nptl-linux-gcc -c -g -O2  conftest.c >&5
configure:7873: $? = 0
configure:7887: arm-hisiv100nptl-linux-gcc -shared conftest.o  -v -Wl,-soname -Wl,conftest -o conftest 2\>\&1 \| grep  -lc  \>/dev/null 2\>\&1
configure:7890: $? = 0
configure:7902: result: no
configure:7910: checking dynamic linker characteristics
configure:8456: result: GNU/Linux ld.so
configure:8460: checking how to hardcode library paths into programs
configure:8485: result: immediate
configure:8499: checking whether stripping libraries is possible
configure:8504: result: yes
configure:9334: checking if libtool supports shared libraries
configure:9336: result: yes
configure:9339: checking whether to build shared libraries
configure:9397: result: yes
configure:9400: checking whether to build static libraries
configure:9404: result: yes
configure:9496: creating libtool
configure:10043: checking for ld used by arm-hisiv100nptl-linux-gcc
configure:10110: result: /opt/hisi-linux-nptl/arm-hisiv100-linux/arm-hisiv100-linux-uclibcgnueabi/bin/ld
configure:10119: checking if the linker (/opt/hisi-linux-nptl/arm-hisiv100-linux/arm-hisiv100-linux-uclibcgnueabi/bin/ld) is GNU ld
configure:10134: result: yes
configure:10185: checking whether the arm-hisiv100nptl-linux-gcc linker (/opt/hisi-linux-nptl/arm-hisiv100-linux/arm-hisiv100-linux-uclibcgnueabi/bin/ld) supports shared libraries
configure:11013: result: yes
configure:11031: arm-hisiv100nptl-linux-gcc -c -g -O2  conftest.cc >&5
configure:11034: $? = 0
configure:11130: checking for arm-hisiv100nptl-linux-gcc option to produce PIC
configure:11382: result: -fPIC
configure:11390: checking if arm-hisiv100nptl-linux-gcc PIC flag -fPIC works
configure:11408: arm-hisiv100nptl-linux-gcc -c -g -O2  -fPIC -DPIC conftest.cc >&5
configure:11412: $? = 0
configure:11423: result: yes
configure:11447: checking if arm-hisiv100nptl-linux-gcc supports -c -o file.o
configure:11468: arm-hisiv100nptl-linux-gcc -c -g -O2  -o out/conftest2.o conftest.cc >&5
configure:11472: $? = 0
configure:11492: result: yes
configure:11518: checking whether the arm-hisiv100nptl-linux-gcc linker (/opt/hisi-linux-nptl/arm-hisiv100-linux/arm-hisiv100-linux-uclibcgnueabi/bin/ld) supports shared libraries
configure:11543: result: yes
configure:11614: checking dynamic linker characteristics
configure:12160: result: GNU/Linux ld.so
configure:12164: checking how to hardcode library paths into programs
configure:12189: result: immediate
configure:12203: checking whether stripping libraries is possible
configure:12208: result: yes
configure:13515: checking if libtool supports shared libraries
configure:13517: result: yes
configure:13520: checking whether to build shared libraries
configure:13538: result: yes
configure:13541: checking whether to build static libraries
configure:13545: result: yes
configure:13557: checking for f95 option to produce PIC
configure:13734: result: -fPIC
configure:13742: checking if f95 PIC flag -fPIC works
configure:13760: f95 -c -g -O2 -fPIC conftest.f >&5
configure:13764: $? = 0
configure:13775: result: yes
configure:13799: checking if f95 supports -c -o file.o
configure:13820: f95 -c -g -O2 -o out/conftest2.o conftest.f >&5
configure:13824: $? = 0
configure:13844: result: yes
configure:13870: checking whether the f95 linker (/opt/hisi-linux-nptl/arm-hisiv100-linux/arm-hisiv100-linux-uclibcgnueabi/bin/ld) supports shared libraries
configure:14698: result: yes
configure:14769: checking dynamic linker characteristics
configure:15315: result: GNU/Linux ld.so
configure:15319: checking how to hardcode library paths into programs
configure:15344: result: immediate
configure:15358: checking whether stripping libraries is possible
configure:15363: result: yes
configure:19468: checking for a BSD-compatible install
configure:19523: result: /usr/bin/install -c
configure:19534: checking whether make sets $(MAKE)
configure:19554: result: yes
configure:19573: checking CFLAGS for gcc -Os
configure:19606: arm-hisiv100nptl-linux-gcc -c -g -O2 -pedantic  -Os  conftest.c >&5
configure:19612: $? = 0
configure:19616: test -z 
			 || test ! -s conftest.err
configure:19619: $? = 0
configure:19622: test -s conftest.o
configure:19625: $? = 0
configure:19644: result: -Os
configure:19656: : CFLAGS="$CFLAGS $ac_cv_cflags_gcc_option__Os"
configure:19659: $? = 0
configure:19667: checking CFLAGS for maximum warnings
configure:19700: arm-hisiv100nptl-linux-gcc -c -g -O2 -Os -pedantic  -Wall  conftest.c >&5
configure:19706: $? = 0
configure:19710: test -z 
			 || test ! -s conftest.err
configure:19713: $? = 0
configure:19716: test -s conftest.o
configure:19719: $? = 0
configure:19738: result: -Wall
configure:19751: : CFLAGS="$CFLAGS $ac_cv_cflags_warn_all"
configure:19754: $? = 0
configure:19771: checking for special C compiler options needed for large files
configure:19870: result: no
configure:19876: checking for _FILE_OFFSET_BITS value needed for large files
configure:19907: arm-hisiv100nptl-linux-gcc -c -g -O2 -Os -Wall  conftest.c >&5
conftest.c:41: warning: left shift count >= width of type
conftest.c:41: warning: left shift count >= width of type
conftest.c:43: error: size of array 'off_t_is_large' is negative
configure:19913: $? = 1
configure: failed program was:
| /* confdefs.h.  */
| 
| #define PACKAGE_NAME "libupnp"
| #define PACKAGE_TARNAME "libupnp"
| #define PACKAGE_VERSION "1.3.1"
| #define PACKAGE_STRING "libupnp 1.3.1"
| #define PACKAGE_BUGREPORT "r3mi@users.sourceforge.net"
| #define PACKAGE "libupnp"
| #define VERSION "1.3.1"
| #define UPNP_VERSION_STRING "1.3.1"
| #define UPNP_VERSION_MAJOR 1
| #define UPNP_VERSION_MINOR 3
| #define UPNP_VERSION_PATCH 1
| #define NO_DEBUG 1
| #define NDEBUG 1
| #define UPNP_HAVE_CLIENT 1
| #define UPNP_HAVE_DEVICE 1
| #define UPNP_HAVE_WEBSERVER 1
| #define UPNP_HAVE_TOOLS 1
| #define STDC_HEADERS 1
| #define HAVE_SYS_TYPES_H 1
| #define HAVE_SYS_STAT_H 1
| #define HAVE_STDLIB_H 1
| #define HAVE_STRING_H 1
| #define HAVE_MEMORY_H 1
| #define HAVE_STRINGS_H 1
| #define HAVE_INTTYPES_H 1
| #define HAVE_STDINT_H 1
| #define HAVE_UNISTD_H 1
| #define HAVE_DLFCN_H 1
| #ifdef __cplusplus
| extern "C" void exit (int) throw ();
| #endif
| /* end confdefs.h.  */
| #include <sys/types.h>
|  /* Check that off_t can represent 2**63 - 1 correctly.
|     We can't simply define LARGE_OFF_T to be 9223372036854775807,
|     since some C++ compilers masquerading as C compilers
|     incorrectly reject 9223372036854775807.  */
| #define LARGE_OFF_T (((off_t) 1 << 62) - 1 + ((off_t) 1 << 62))
|   int off_t_is_large[(LARGE_OFF_T % 2147483629 == 721
| 		       && LARGE_OFF_T % 2147483647 == 1)
| 		      ? 1 : -1];
| int
| main ()
| {
| 
|   ;
|   return 0;
| }
configure:19960: arm-hisiv100nptl-linux-gcc -c -g -O2 -Os -Wall  conftest.c >&5
configure:19966: $? = 0
configure:19970: test -z 
			 || test ! -s conftest.err
configure:19973: $? = 0
configure:19976: test -s conftest.o
configure:19979: $? = 0
configure:19991: result: 64
configure:20001: checking for _LARGE_FILES value needed for large files
configure:20032: arm-hisiv100nptl-linux-gcc -c -g -O2 -Os -Wall  conftest.c >&5
configure:20038: $? = 0
configure:20042: test -z 
			 || test ! -s conftest.err
configure:20045: $? = 0
configure:20048: test -s conftest.o
configure:20051: $? = 0
configure:20116: result: no
configure:20133: checking for ANSI C header files
configure:20289: result: yes
configure:20328: checking arpa/inet.h usability
configure:20340: arm-hisiv100nptl-linux-gcc -c -g -O2 -Os -Wall  conftest.c >&5
configure:20346: $? = 0
configure:20350: test -z 
			 || test ! -s conftest.err
configure:20353: $? = 0
configure:20356: test -s conftest.o
configure:20359: $? = 0
configure:20369: result: yes
configure:20373: checking arpa/inet.h presence
configure:20383: arm-hisiv100nptl-linux-gcc -E  conftest.c
configure:20389: $? = 0
configure:20409: result: yes
configure:20444: checking for arpa/inet.h
configure:20451: result: yes
configure:20328: checking fcntl.h usability
configure:20340: arm-hisiv100nptl-linux-gcc -c -g -O2 -Os -Wall  conftest.c >&5
configure:20346: $? = 0
configure:20350: test -z 
			 || test ! -s conftest.err
configure:20353: $? = 0
configure:20356: test -s conftest.o
configure:20359: $? = 0
configure:20369: result: yes
configure:20373: checking fcntl.h presence
configure:20383: arm-hisiv100nptl-linux-gcc -E  conftest.c
configure:20389: $? = 0
configure:20409: result: yes
configure:20444: checking for fcntl.h
configure:20451: result: yes
configure:20328: checking limits.h usability
configure:20340: arm-hisiv100nptl-linux-gcc -c -g -O2 -Os -Wall  conftest.c >&5
configure:20346: $? = 0
configure:20350: test -z 
			 || test ! -s conftest.err
configure:20353: $? = 0
configure:20356: test -s conftest.o
configure:20359: $? = 0
configure:20369: result: yes
configure:20373: checking limits.h presence
configure:20383: arm-hisiv100nptl-linux-gcc -E  conftest.c
configure:20389: $? = 0
configure:20409: result: yes
configure:20444: checking for limits.h
configure:20451: result: yes
configure:20328: checking malloc.h usability
configure:20340: arm-hisiv100nptl-linux-gcc -c -g -O2 -Os -Wall  conftest.c >&5
configure:20346: $? = 0
configure:20350: test -z 
			 || test ! -s conftest.err
configure:20353: $? = 0
configure:20356: test -s conftest.o
configure:20359: $? = 0
configure:20369: result: yes
configure:20373: checking malloc.h presence
configure:20383: arm-hisiv100nptl-linux-gcc -E  conftest.c
configure:20389: $? = 0
configure:20409: result: yes
configure:20444: checking for malloc.h
configure:20451: result: yes
configure:20328: checking netdb.h usability
configure:20340: arm-hisiv100nptl-linux-gcc -c -g -O2 -Os -Wall  conftest.c >&5
configure:20346: $? = 0
configure:20350: test -z 
			 || test ! -s conftest.err
configure:20353: $? = 0
configure:20356: test -s conftest.o
configure:20359: $? = 0
configure:20369: result: yes
configure:20373: checking netdb.h presence
configure:20383: arm-hisiv100nptl-linux-gcc -E  conftest.c
configure:20389: $? = 0
configure:20409: result: yes
configure:20444: checking for netdb.h
configure:20451: result: yes
configure:20328: checking netinet/in.h usability
configure:20340: arm-hisiv100nptl-linux-gcc -c -g -O2 -Os -Wall  conftest.c >&5
configure:20346: $? = 0
configure:20350: test -z 
			 || test ! -s conftest.err
configure:20353: $? = 0
configure:20356: test -s conftest.o
configure:20359: $? = 0
configure:20369: result: yes
configure:20373: checking netinet/in.h presence
configure:20383: arm-hisiv100nptl-linux-gcc -E  conftest.c
configure:20389: $? = 0
configure:20409: result: yes
configure:20444: checking for netinet/in.h
configure:20451: result: yes
configure:20319: checking for stdlib.h
configure:20324: result: yes
configure:20319: checking for string.h
configure:20324: result: yes
configure:20328: checking sys/ioctl.h usability
configure:20340: arm-hisiv100nptl-linux-gcc -c -g -O2 -Os -Wall  conftest.c >&5
configure:20346: $? = 0
configure:20350: test -z 
			 || test ! -s conftest.err
configure:20353: $? = 0
configure:20356: test -s conftest.o
configure:20359: $? = 0
configure:20369: result: yes
configure:20373: checking sys/ioctl.h presence
configure:20383: arm-hisiv100nptl-linux-gcc -E  conftest.c
configure:20389: $? = 0
configure:20409: result: yes
configure:20444: checking for sys/ioctl.h
configure:20451: result: yes
configure:20328: checking sys/socket.h usability
configure:20340: arm-hisiv100nptl-linux-gcc -c -g -O2 -Os -Wall  conftest.c >&5
configure:20346: $? = 0
configure:20350: test -z 
			 || test ! -s conftest.err
configure:20353: $? = 0
configure:20356: test -s conftest.o
configure:20359: $? = 0
configure:20369: result: yes
configure:20373: checking sys/socket.h presence
configure:20383: arm-hisiv100nptl-linux-gcc -E  conftest.c
configure:20389: $? = 0
configure:20409: result: yes
configure:20444: checking for sys/socket.h
configure:20451: result: yes
configure:20328: checking sys/time.h usability
configure:20340: arm-hisiv100nptl-linux-gcc -c -g -O2 -Os -Wall  conftest.c >&5
configure:20346: $? = 0
configure:20350: test -z 
			 || test ! -s conftest.err
configure:20353: $? = 0
configure:20356: test -s conftest.o
configure:20359: $? = 0
configure:20369: result: yes
configure:20373: checking sys/time.h presence
configure:20383: arm-hisiv100nptl-linux-gcc -E  conftest.c
configure:20389: $? = 0
configure:20409: result: yes
configure:20444: checking for sys/time.h
configure:20451: result: yes
configure:20328: checking sys/timeb.h usability
configure:20340: arm-hisiv100nptl-linux-gcc -c -g -O2 -Os -Wall  conftest.c >&5
configure:20346: $? = 0
configure:20350: test -z 
			 || test ! -s conftest.err
configure:20353: $? = 0
configure:20356: test -s conftest.o
configure:20359: $? = 0
configure:20369: result: yes
configure:20373: checking sys/timeb.h presence
configure:20383: arm-hisiv100nptl-linux-gcc -E  conftest.c
configure:20389: $? = 0
configure:20409: result: yes
configure:20444: checking for sys/timeb.h
configure:20451: result: yes
configure:20328: checking syslog.h usability
configure:20340: arm-hisiv100nptl-linux-gcc -c -g -O2 -Os -Wall  conftest.c >&5
configure:20346: $? = 0
configure:20350: test -z 
			 || test ! -s conftest.err
configure:20353: $? = 0
configure:20356: test -s conftest.o
configure:20359: $? = 0
configure:20369: result: yes
configure:20373: checking syslog.h presence
configure:20383: arm-hisiv100nptl-linux-gcc -E  conftest.c
configure:20389: $? = 0
configure:20409: result: yes
configure:20444: checking for syslog.h
configure:20451: result: yes
configure:20319: checking for unistd.h
configure:20324: result: yes
configure:20473: checking for an ANSI C-conforming const
configure:20540: arm-hisiv100nptl-linux-gcc -c -g -O2 -Os -Wall  conftest.c >&5
conftest.c: In function 'main':
conftest.c:78: warning: unused variable 's'
conftest.c:98: warning: unused variable 'foo'
conftest.c:65: warning: unused variable 'zero'
conftest.c:59: warning: unused variable 'x'
conftest.c:80: warning: 't' is used uninitialized in this function
configure:20546: $? = 0
configure:20550: test -z 
			 || test ! -s conftest.err
configure:20553: $? = 0
configure:20556: test -s conftest.o
configure:20559: $? = 0
configure:20570: result: yes
configure:20580: checking for size_t
configure:20604: arm-hisiv100nptl-linux-gcc -c -g -O2 -Os -Wall  conftest.c >&5
configure:20610: $? = 0
configure:20614: test -z 
			 || test ! -s conftest.err
configure:20617: $? = 0
configure:20620: test -s conftest.o
configure:20623: $? = 0
configure:20634: result: yes
configure:20646: checking for socklen_t
configure:20669: arm-hisiv100nptl-linux-gcc -c -g -O2 -Os -Wall  conftest.c >&5
conftest.c: In function 'main':
conftest.c:56: warning: unused variable 'len'
configure:20675: $? = 0
configure:20679: test -z 
			 || test ! -s conftest.err
configure:20682: $? = 0
configure:20685: test -s conftest.o
configure:20688: $? = 0
configure:20700: result: yes
configure:20719: checking for vprintf
configure:20776: arm-hisiv100nptl-linux-gcc -o conftest -g -O2 -Os -Wall   conftest.c  >&5
conftest.c:75: warning: conflicting types for built-in function 'vprintf'
configure:20782: $? = 0
configure:20786: test -z 
			 || test ! -s conftest.err
configure:20789: $? = 0
configure:20792: test -s conftest
configure:20795: $? = 0
configure:20807: result: yes
configure:20814: checking for _doprnt
configure:20871: arm-hisiv100nptl-linux-gcc -o conftest -g -O2 -Os -Wall   conftest.c  >&5
/tmp/ccoA6f5b.o: In function `main':
/home/uclib/GTIP-E_studio/libsrc/libupnp/source/conftest.c:95: undefined reference to `_doprnt'
/tmp/ccoA6f5b.o:(.data+0x0): undefined reference to `_doprnt'
collect2: ld returned 1 exit status
configure:20877: $? = 1
configure: failed program was:
| /* confdefs.h.  */
| 
| #define PACKAGE_NAME "libupnp"
| #define PACKAGE_TARNAME "libupnp"
| #define PACKAGE_VERSION "1.3.1"
| #define PACKAGE_STRING "libupnp 1.3.1"
| #define PACKAGE_BUGREPORT "r3mi@users.sourceforge.net"
| #define PACKAGE "libupnp"
| #define VERSION "1.3.1"
| #define UPNP_VERSION_STRING "1.3.1"
| #define UPNP_VERSION_MAJOR 1
| #define UPNP_VERSION_MINOR 3
| #define UPNP_VERSION_PATCH 1
| #define NO_DEBUG 1
| #define NDEBUG 1
| #define UPNP_HAVE_CLIENT 1
| #define UPNP_HAVE_DEVICE 1
| #define UPNP_HAVE_WEBSERVER 1
| #define UPNP_HAVE_TOOLS 1
| #define STDC_HEADERS 1
| #define HAVE_SYS_TYPES_H 1
| #define HAVE_SYS_STAT_H 1
| #define HAVE_STDLIB_H 1
| #define HAVE_STRING_H 1
| #define HAVE_MEMORY_H 1
| #define HAVE_STRINGS_H 1
| #define HAVE_INTTYPES_H 1
| #define HAVE_STDINT_H 1
| #define HAVE_UNISTD_H 1
| #define HAVE_DLFCN_H 1
| #ifdef __cplusplus
| extern "C" void exit (int) throw ();
| #endif
| #define _FILE_OFFSET_BITS 64
| #define STDC_HEADERS 1
| #define HAVE_ARPA_INET_H 1
| #define HAVE_FCNTL_H 1
| #define HAVE_LIMITS_H 1
| #define HAVE_MALLOC_H 1
| #define HAVE_NETDB_H 1
| #define HAVE_NETINET_IN_H 1
| #define HAVE_STDLIB_H 1
| #define HAVE_STRING_H 1
| #define HAVE_SYS_IOCTL_H 1
| #define HAVE_SYS_SOCKET_H 1
| #define HAVE_SYS_TIME_H 1
| #define HAVE_SYS_TIMEB_H 1
| #define HAVE_SYSLOG_H 1
| #define HAVE_UNISTD_H 1
| #define HAVE_VPRINTF 1
| /* end confdefs.h.  */
| /* Define _doprnt to an innocuous variant, in case <limits.h> declares _doprnt.
|    For example, HP-UX 11i <limits.h> declares gettimeofday.  */
| #define _doprnt innocuous__doprnt
| 
| /* System header to define __stub macros and hopefully few prototypes,
|     which can conflict with char _doprnt (); below.
|     Prefer <limits.h> to <assert.h> if __STDC__ is defined, since
|     <limits.h> exists even on freestanding compilers.  */
| 
| #ifdef __STDC__
| # include <limits.h>
| #else
| # include <assert.h>
| #endif
| 
| #undef _doprnt
| 
| /* Override any gcc2 internal prototype to avoid an error.  */
| #ifdef __cplusplus
| extern "C"
| {
| #endif
| /* We use char because int might match the return type of a gcc2
|    builtin and then its argument prototype would still apply.  */
| char _doprnt ();
| /* The GNU C library defines this for functions which it implements
|     to always fail with ENOSYS.  Some functions are actually named
|     something starting with __ and the normal name is an alias.  */
| #if defined (__stub__doprnt) || defined (__stub____doprnt)
| choke me
| #else
| char (*f) () = _doprnt;
| #endif
| #ifdef __cplusplus
| }
| #endif
| 
| int
| main ()
| {
| return f != _doprnt;
|   ;
|   return 0;
| }
configure:20902: result: no
configure:20916: checking for _LARGEFILE_SOURCE value needed for large files
configure:20939: arm-hisiv100nptl-linux-gcc -c -g -O2 -Os -Wall  conftest.c >&5
conftest.c: In function 'main':
conftest.c:56: warning: the address of 'fseeko' will always evaluate as 'true'
configure:20945: $? = 0
configure:20949: test -z 
			 || test ! -s conftest.err
configure:20952: $? = 0
configure:20955: test -s conftest.o
configure:20958: $? = 0
configure:21015: result: no
configure:21029: checking for fseeko
configure:21050: arm-hisiv100nptl-linux-gcc -o conftest -g -O2 -Os -Wall   conftest.c  >&5
conftest.c: In function 'main':
conftest.c:56: warning: the address of 'fseeko' will always evaluate as 'true'
configure:21056: $? = 0
configure:21060: test -z 
			 || test ! -s conftest.err
configure:21063: $? = 0
configure:21066: test -s conftest
configure:21069: $? = 0
configure:21081: result: yes
configure:21289: checking for the pthreads library -lpthreads
configure:21327: arm-hisiv100nptl-linux-gcc -o conftest -g -O2 -Os -Wall    conftest.c -lpthreads  >&5
conftest.c: In function 'main':
conftest.c:58: warning: null argument where non-null required (argument 1)
conftest.c:59: warning: null argument where non-null required (argument 1)
conftest.c:59: warning: null argument where non-null required (argument 3)
conftest.c:57: warning: 'th' is used uninitialized in this function
/opt/hisi-linux-nptl/arm-hisiv100-linux/bin/../lib/gcc/arm-hisiv100-linux-uclibcgnueabi/4.4.1/../../../../arm-hisiv100-linux-uclibcgnueabi/bin/ld: cannot find -lpthreads
collect2: ld returned 1 exit status
configure:21333: $? = 1
configure: failed program was:
| /* confdefs.h.  */
| 
| #define PACKAGE_NAME "libupnp"
| #define PACKAGE_TARNAME "libupnp"
| #define PACKAGE_VERSION "1.3.1"
| #define PACKAGE_STRING "libupnp 1.3.1"
| #define PACKAGE_BUGREPORT "r3mi@users.sourceforge.net"
| #define PACKAGE "libupnp"
| #define VERSION "1.3.1"
| #define UPNP_VERSION_STRING "1.3.1"
| #define UPNP_VERSION_MAJOR 1
| #define UPNP_VERSION_MINOR 3
| #define UPNP_VERSION_PATCH 1
| #define NO_DEBUG 1
| #define NDEBUG 1
| #define UPNP_HAVE_CLIENT 1
| #define UPNP_HAVE_DEVICE 1
| #define UPNP_HAVE_WEBSERVER 1
| #define UPNP_HAVE_TOOLS 1
| #define STDC_HEADERS 1
| #define HAVE_SYS_TYPES_H 1
| #define HAVE_SYS_STAT_H 1
| #define HAVE_STDLIB_H 1
| #define HAVE_STRING_H 1
| #define HAVE_MEMORY_H 1
| #define HAVE_STRINGS_H 1
| #define HAVE_INTTYPES_H 1
| #define HAVE_STDINT_H 1
| #define HAVE_UNISTD_H 1
| #define HAVE_DLFCN_H 1
| #ifdef __cplusplus
| extern "C" void exit (int) throw ();
| #endif
| #define _FILE_OFFSET_BITS 64
| #define STDC_HEADERS 1
| #define HAVE_ARPA_INET_H 1
| #define HAVE_FCNTL_H 1
| #define HAVE_LIMITS_H 1
| #define HAVE_MALLOC_H 1
| #define HAVE_NETDB_H 1
| #define HAVE_NETINET_IN_H 1
| #define HAVE_STDLIB_H 1
| #define HAVE_STRING_H 1
| #define HAVE_SYS_IOCTL_H 1
| #define HAVE_SYS_SOCKET_H 1
| #define HAVE_SYS_TIME_H 1
| #define HAVE_SYS_TIMEB_H 1
| #define HAVE_SYSLOG_H 1
| #define HAVE_UNISTD_H 1
| #define HAVE_VPRINTF 1
| #define HAVE_FSEEKO 1
| /* end confdefs.h.  */
| #include <pthread.h>
| int
| main ()
| {
| pthread_t th; pthread_join(th, 0);
|                      pthread_attr_init(0); pthread_cleanup_push(0, 0);
|                      pthread_create(0,0,0,0); pthread_cleanup_pop(0);
|   ;
|   return 0;
| }
configure:21360: result: no
configure:21236: checking whether pthreads work without any flags
configure:21327: arm-hisiv100nptl-linux-gcc -o conftest -g -O2 -Os -Wall    conftest.c   >&5
conftest.c: In function 'main':
conftest.c:58: warning: null argument where non-null required (argument 1)
conftest.c:59: warning: null argument where non-null required (argument 1)
conftest.c:59: warning: null argument where non-null required (argument 3)
conftest.c:57: warning: 'th' is used uninitialized in this function
/tmp/ccQMIuzH.o: In function `main':
/home/uclib/GTIP-E_studio/libsrc/libupnp/source/conftest.c:57: undefined reference to `pthread_join'
/home/uclib/GTIP-E_studio/libsrc/libupnp/source/conftest.c:58: undefined reference to `__pthread_register_cancel'
/home/uclib/GTIP-E_studio/libsrc/libupnp/source/conftest.c:59: undefined reference to `pthread_create'
/home/uclib/GTIP-E_studio/libsrc/libupnp/source/conftest.c:59: undefined reference to `__pthread_unregister_cancel'
collect2: ld returned 1 exit status
configure:21333: $? = 1
configure: failed program was:
| /* confdefs.h.  */
| 
| #define PACKAGE_NAME "libupnp"
| #define PACKAGE_TARNAME "libupnp"
| #define PACKAGE_VERSION "1.3.1"
| #define PACKAGE_STRING "libupnp 1.3.1"
| #define PACKAGE_BUGREPORT "r3mi@users.sourceforge.net"
| #define PACKAGE "libupnp"
| #define VERSION "1.3.1"
| #define UPNP_VERSION_STRING "1.3.1"
| #define UPNP_VERSION_MAJOR 1
| #define UPNP_VERSION_MINOR 3
| #define UPNP_VERSION_PATCH 1
| #define NO_DEBUG 1
| #define NDEBUG 1
| #define UPNP_HAVE_CLIENT 1
| #define UPNP_HAVE_DEVICE 1
| #define UPNP_HAVE_WEBSERVER 1
| #define UPNP_HAVE_TOOLS 1
| #define STDC_HEADERS 1
| #define HAVE_SYS_TYPES_H 1
| #define HAVE_SYS_STAT_H 1
| #define HAVE_STDLIB_H 1
| #define HAVE_STRING_H 1
| #define HAVE_MEMORY_H 1
| #define HAVE_STRINGS_H 1
| #define HAVE_INTTYPES_H 1
| #define HAVE_STDINT_H 1
| #define HAVE_UNISTD_H 1
| #define HAVE_DLFCN_H 1
| #ifdef __cplusplus
| extern "C" void exit (int) throw ();
| #endif
| #define _FILE_OFFSET_BITS 64
| #define STDC_HEADERS 1
| #define HAVE_ARPA_INET_H 1
| #define HAVE_FCNTL_H 1
| #define HAVE_LIMITS_H 1
| #define HAVE_MALLOC_H 1
| #define HAVE_NETDB_H 1
| #define HAVE_NETINET_IN_H 1
| #define HAVE_STDLIB_H 1
| #define HAVE_STRING_H 1
| #define HAVE_SYS_IOCTL_H 1
| #define HAVE_SYS_SOCKET_H 1
| #define HAVE_SYS_TIME_H 1
| #define HAVE_SYS_TIMEB_H 1
| #define HAVE_SYSLOG_H 1
| #define HAVE_UNISTD_H 1
| #define HAVE_VPRINTF 1
| #define HAVE_FSEEKO 1
| /* end confdefs.h.  */
| #include <pthread.h>
| int
| main ()
| {
| pthread_t th; pthread_join(th, 0);
|                      pthread_attr_init(0); pthread_cleanup_push(0, 0);
|                      pthread_create(0,0,0,0); pthread_cleanup_pop(0);
|   ;
|   return 0;
| }
configure:21360: result: no
configure:21241: checking whether pthreads work with -Kthread
configure:21327: arm-hisiv100nptl-linux-gcc -o conftest -g -O2 -Os -Wall -Kthread   conftest.c   >&5
arm-hisiv100nptl-linux-gcc: unrecognized option '-Kthread'
conftest.c: In function 'main':
conftest.c:58: warning: null argument where non-null required (argument 1)
conftest.c:59: warning: null argument where non-null required (argument 1)
conftest.c:59: warning: null argument where non-null required (argument 3)
conftest.c:57: warning: 'th' is used uninitialized in this function
/tmp/ccs5HyDP.o: In function `main':
/home/uclib/GTIP-E_studio/libsrc/libupnp/source/conftest.c:57: undefined reference to `pthread_join'
/home/uclib/GTIP-E_studio/libsrc/libupnp/source/conftest.c:58: undefined reference to `__pthread_register_cancel'
/home/uclib/GTIP-E_studio/libsrc/libupnp/source/conftest.c:59: undefined reference to `pthread_create'
/home/uclib/GTIP-E_studio/libsrc/libupnp/source/conftest.c:59: undefined reference to `__pthread_unregister_cancel'
collect2: ld returned 1 exit status
configure:21333: $? = 1
configure: failed program was:
| /* confdefs.h.  */
| 
| #define PACKAGE_NAME "libupnp"
| #define PACKAGE_TARNAME "libupnp"
| #define PACKAGE_VERSION "1.3.1"
| #define PACKAGE_STRING "libupnp 1.3.1"
| #define PACKAGE_BUGREPORT "r3mi@users.sourceforge.net"
| #define PACKAGE "libupnp"
| #define VERSION "1.3.1"
| #define UPNP_VERSION_STRING "1.3.1"
| #define UPNP_VERSION_MAJOR 1
| #define UPNP_VERSION_MINOR 3
| #define UPNP_VERSION_PATCH 1
| #define NO_DEBUG 1
| #define NDEBUG 1
| #define UPNP_HAVE_CLIENT 1
| #define UPNP_HAVE_DEVICE 1
| #define UPNP_HAVE_WEBSERVER 1
| #define UPNP_HAVE_TOOLS 1
| #define STDC_HEADERS 1
| #define HAVE_SYS_TYPES_H 1
| #define HAVE_SYS_STAT_H 1
| #define HAVE_STDLIB_H 1
| #define HAVE_STRING_H 1
| #define HAVE_MEMORY_H 1
| #define HAVE_STRINGS_H 1
| #define HAVE_INTTYPES_H 1
| #define HAVE_STDINT_H 1
| #define HAVE_UNISTD_H 1
| #define HAVE_DLFCN_H 1
| #ifdef __cplusplus
| extern "C" void exit (int) throw ();
| #endif
| #define _FILE_OFFSET_BITS 64
| #define STDC_HEADERS 1
| #define HAVE_ARPA_INET_H 1
| #define HAVE_FCNTL_H 1
| #define HAVE_LIMITS_H 1
| #define HAVE_MALLOC_H 1
| #define HAVE_NETDB_H 1
| #define HAVE_NETINET_IN_H 1
| #define HAVE_STDLIB_H 1
| #define HAVE_STRING_H 1
| #define HAVE_SYS_IOCTL_H 1
| #define HAVE_SYS_SOCKET_H 1
| #define HAVE_SYS_TIME_H 1
| #define HAVE_SYS_TIMEB_H 1
| #define HAVE_SYSLOG_H 1
| #define HAVE_UNISTD_H 1
| #define HAVE_VPRINTF 1
| #define HAVE_FSEEKO 1
| /* end confdefs.h.  */
| #include <pthread.h>
| int
| main ()
| {
| pthread_t th; pthread_join(th, 0);
|                      pthread_attr_init(0); pthread_cleanup_push(0, 0);
|                      pthread_create(0,0,0,0); pthread_cleanup_pop(0);
|   ;
|   return 0;
| }
configure:21360: result: no
configure:21241: checking whether pthreads work with -kthread
configure:21327: arm-hisiv100nptl-linux-gcc -o conftest -g -O2 -Os -Wall -kthread   conftest.c   >&5
arm-hisiv100nptl-linux-gcc: unrecognized option '-kthread'
conftest.c: In function 'main':
conftest.c:58: warning: null argument where non-null required (argument 1)
conftest.c:59: warning: null argument where non-null required (argument 1)
conftest.c:59: warning: null argument where non-null required (argument 3)
conftest.c:57: warning: 'th' is used uninitialized in this function
/tmp/ccIc1fo2.o: In function `main':
/home/uclib/GTIP-E_studio/libsrc/libupnp/source/conftest.c:57: undefined reference to `pthread_join'
/home/uclib/GTIP-E_studio/libsrc/libupnp/source/conftest.c:58: undefined reference to `__pthread_register_cancel'
/home/uclib/GTIP-E_studio/libsrc/libupnp/source/conftest.c:59: undefined reference to `pthread_create'
/home/uclib/GTIP-E_studio/libsrc/libupnp/source/conftest.c:59: undefined reference to `__pthread_unregister_cancel'
collect2: ld returned 1 exit status
configure:21333: $? = 1
configure: failed program was:
| /* confdefs.h.  */
| 
| #define PACKAGE_NAME "libupnp"
| #define PACKAGE_TARNAME "libupnp"
| #define PACKAGE_VERSION "1.3.1"
| #define PACKAGE_STRING "libupnp 1.3.1"
| #define PACKAGE_BUGREPORT "r3mi@users.sourceforge.net"
| #define PACKAGE "libupnp"
| #define VERSION "1.3.1"
| #define UPNP_VERSION_STRING "1.3.1"
| #define UPNP_VERSION_MAJOR 1
| #define UPNP_VERSION_MINOR 3
| #define UPNP_VERSION_PATCH 1
| #define NO_DEBUG 1
| #define NDEBUG 1
| #define UPNP_HAVE_CLIENT 1
| #define UPNP_HAVE_DEVICE 1
| #define UPNP_HAVE_WEBSERVER 1
| #define UPNP_HAVE_TOOLS 1
| #define STDC_HEADERS 1
| #define HAVE_SYS_TYPES_H 1
| #define HAVE_SYS_STAT_H 1
| #define HAVE_STDLIB_H 1
| #define HAVE_STRING_H 1
| #define HAVE_MEMORY_H 1
| #define HAVE_STRINGS_H 1
| #define HAVE_INTTYPES_H 1
| #define HAVE_STDINT_H 1
| #define HAVE_UNISTD_H 1
| #define HAVE_DLFCN_H 1
| #ifdef __cplusplus
| extern "C" void exit (int) throw ();
| #endif
| #define _FILE_OFFSET_BITS 64
| #define STDC_HEADERS 1
| #define HAVE_ARPA_INET_H 1
| #define HAVE_FCNTL_H 1
| #define HAVE_LIMITS_H 1
| #define HAVE_MALLOC_H 1
| #define HAVE_NETDB_H 1
| #define HAVE_NETINET_IN_H 1
| #define HAVE_STDLIB_H 1
| #define HAVE_STRING_H 1
| #define HAVE_SYS_IOCTL_H 1
| #define HAVE_SYS_SOCKET_H 1
| #define HAVE_SYS_TIME_H 1
| #define HAVE_SYS_TIMEB_H 1
| #define HAVE_SYSLOG_H 1
| #define HAVE_UNISTD_H 1
| #define HAVE_VPRINTF 1
| #define HAVE_FSEEKO 1
| /* end confdefs.h.  */
| #include <pthread.h>
| int
| main ()
| {
| pthread_t th; pthread_join(th, 0);
|                      pthread_attr_init(0); pthread_cleanup_push(0, 0);
|                      pthread_create(0,0,0,0); pthread_cleanup_pop(0);
|   ;
|   return 0;
| }
configure:21360: result: no
configure:21289: checking for the pthreads library -llthread
configure:21327: arm-hisiv100nptl-linux-gcc -o conftest -g -O2 -Os -Wall    conftest.c -llthread  >&5
conftest.c: In function 'main':
conftest.c:58: warning: null argument where non-null required (argument 1)
conftest.c:59: warning: null argument where non-null required (argument 1)
conftest.c:59: warning: null argument where non-null required (argument 3)
conftest.c:57: warning: 'th' is used uninitialized in this function
/opt/hisi-linux-nptl/arm-hisiv100-linux/bin/../lib/gcc/arm-hisiv100-linux-uclibcgnueabi/4.4.1/../../../../arm-hisiv100-linux-uclibcgnueabi/bin/ld: cannot find -llthread
collect2: ld returned 1 exit status
configure:21333: $? = 1
configure: failed program was:
| /* confdefs.h.  */
| 
| #define PACKAGE_NAME "libupnp"
| #define PACKAGE_TARNAME "libupnp"
| #define PACKAGE_VERSION "1.3.1"
| #define PACKAGE_STRING "libupnp 1.3.1"
| #define PACKAGE_BUGREPORT "r3mi@users.sourceforge.net"
| #define PACKAGE "libupnp"
| #define VERSION "1.3.1"
| #define UPNP_VERSION_STRING "1.3.1"
| #define UPNP_VERSION_MAJOR 1
| #define UPNP_VERSION_MINOR 3
| #define UPNP_VERSION_PATCH 1
| #define NO_DEBUG 1
| #define NDEBUG 1
| #define UPNP_HAVE_CLIENT 1
| #define UPNP_HAVE_DEVICE 1
| #define UPNP_HAVE_WEBSERVER 1
| #define UPNP_HAVE_TOOLS 1
| #define STDC_HEADERS 1
| #define HAVE_SYS_TYPES_H 1
| #define HAVE_SYS_STAT_H 1
| #define HAVE_STDLIB_H 1
| #define HAVE_STRING_H 1
| #define HAVE_MEMORY_H 1
| #define HAVE_STRINGS_H 1
| #define HAVE_INTTYPES_H 1
| #define HAVE_STDINT_H 1
| #define HAVE_UNISTD_H 1
| #define HAVE_DLFCN_H 1
| #ifdef __cplusplus
| extern "C" void exit (int) throw ();
| #endif
| #define _FILE_OFFSET_BITS 64
| #define STDC_HEADERS 1
| #define HAVE_ARPA_INET_H 1
| #define HAVE_FCNTL_H 1
| #define HAVE_LIMITS_H 1
| #define HAVE_MALLOC_H 1
| #define HAVE_NETDB_H 1
| #define HAVE_NETINET_IN_H 1
| #define HAVE_STDLIB_H 1
| #define HAVE_STRING_H 1
| #define HAVE_SYS_IOCTL_H 1
| #define HAVE_SYS_SOCKET_H 1
| #define HAVE_SYS_TIME_H 1
| #define HAVE_SYS_TIMEB_H 1
| #define HAVE_SYSLOG_H 1
| #define HAVE_UNISTD_H 1
| #define HAVE_VPRINTF 1
| #define HAVE_FSEEKO 1
| /* end confdefs.h.  */
| #include <pthread.h>
| int
| main ()
| {
| pthread_t th; pthread_join(th, 0);
|                      pthread_attr_init(0); pthread_cleanup_push(0, 0);
|                      pthread_create(0,0,0,0); pthread_cleanup_pop(0);
|   ;
|   return 0;
| }
configure:21360: result: no
configure:21241: checking whether pthreads work with -pthread
configure:21327: arm-hisiv100nptl-linux-gcc -o conftest -g -O2 -Os -Wall -pthread   conftest.c   >&5
conftest.c: In function 'main':
conftest.c:58: warning: null argument where non-null required (argument 1)
conftest.c:59: warning: null argument where non-null required (argument 1)
conftest.c:59: warning: null argument where non-null required (argument 3)
conftest.c:57: warning: 'th' is used uninitialized in this function
configure:21333: $? = 0
configure:21337: test -z 
			 || test ! -s conftest.err
configure:21340: $? = 0
configure:21343: test -s conftest
configure:21346: $? = 0
configure:21360: result: yes
configure:21379: checking for joinable pthread attribute
configure:21399: arm-hisiv100nptl-linux-gcc -o conftest -g -O2 -Os -Wall -pthread   conftest.c   >&5
configure:21405: $? = 0
configure:21409: test -z 
			 || test ! -s conftest.err
configure:21412: $? = 0
configure:21415: test -s conftest
configure:21418: $? = 0
configure:21429: result: PTHREAD_CREATE_JOINABLE
configure:21439: checking if more special flags are required for pthreads
configure:21446: result: no
configure:21458: checking for cc_r
configure:21485: result: arm-hisiv100nptl-linux-gcc
configure:21686: creating ./config.status

## ---------------------- ##
## Running config.status. ##
## ---------------------- ##

This file was extended by libupnp config.status 1.3.1, which was
generated by GNU Autoconf 2.59.  Invocation command line was

  CONFIG_FILES    = 
  CONFIG_HEADERS  = 
  CONFIG_LINKS    = 
  CONFIG_COMMANDS = 
  $ ./config.status 

on localhost.localdomain

config.status:738: creating Makefile
config.status:738: creating ixml/Makefile
config.status:738: creating ixml/doc/Makefile
config.status:738: creating threadutil/Makefile
config.status:738: creating upnp/Makefile
config.status:738: creating upnp/doc/Makefile
config.status:738: creating libupnp.pc
config.status:842: creating autoconfig.h
config.status:1026: autoconfig.h is unchanged
config.status:842: creating upnp/inc/upnpconfig.h
config.status:1026: upnp/inc/upnpconfig.h is unchanged
config.status:1206: executing depfiles commands

## ---------------- ##
## Cache variables. ##
## ---------------- ##

ac_cv_build=i686-pc-linux-gnu
ac_cv_build_alias=i686-pc-linux-gnu
ac_cv_c_compiler_gnu=yes
ac_cv_c_const=yes
ac_cv_cflags_gcc_option__Os=-Os
ac_cv_cflags_warn_all=-Wall
ac_cv_cxx_compiler_gnu=yes
ac_cv_env_CC_set=
ac_cv_env_CC_value=
ac_cv_env_CFLAGS_set=
ac_cv_env_CFLAGS_value=
ac_cv_env_CPPFLAGS_set=
ac_cv_env_CPPFLAGS_value=
ac_cv_env_CPP_set=
ac_cv_env_CPP_value=
ac_cv_env_CXXCPP_set=
ac_cv_env_CXXCPP_value=
ac_cv_env_CXXFLAGS_set=
ac_cv_env_CXXFLAGS_value=
ac_cv_env_CXX_set=
ac_cv_env_CXX_value=
ac_cv_env_F77_set=
ac_cv_env_F77_value=
ac_cv_env_FFLAGS_set=
ac_cv_env_FFLAGS_value=
ac_cv_env_LDFLAGS_set=
ac_cv_env_LDFLAGS_value=
ac_cv_env_build_alias_set=
ac_cv_env_build_alias_value=
ac_cv_env_host_alias_set=
ac_cv_env_host_alias_value=
ac_cv_env_target_alias_set=
ac_cv_env_target_alias_value=
ac_cv_exeext=
ac_cv_f77_compiler_gnu=yes
ac_cv_func__doprnt=no
ac_cv_func_fseeko=yes
ac_cv_func_vprintf=yes
ac_cv_header_arpa_inet_h=yes
ac_cv_header_dlfcn_h=yes
ac_cv_header_fcntl_h=yes
ac_cv_header_inttypes_h=yes
ac_cv_header_limits_h=yes
ac_cv_header_malloc_h=yes
ac_cv_header_memory_h=yes
ac_cv_header_netdb_h=yes
ac_cv_header_netinet_in_h=yes
ac_cv_header_stdc=yes
ac_cv_header_stdint_h=yes
ac_cv_header_stdlib_h=yes
ac_cv_header_string_h=yes
ac_cv_header_strings_h=yes
ac_cv_header_sys_ioctl_h=yes
ac_cv_header_sys_socket_h=yes
ac_cv_header_sys_stat_h=yes
ac_cv_header_sys_time_h=yes
ac_cv_header_sys_timeb_h=yes
ac_cv_header_sys_types_h=yes
ac_cv_header_syslog_h=yes
ac_cv_header_unistd_h=yes
ac_cv_host=i686-pc-linux-gnu
ac_cv_host_alias=i686-pc-linux-gnu
ac_cv_objext=o
ac_cv_path_install='/usr/bin/install -c'
ac_cv_prog_AR=arm-hisiv100nptl-linux-ar
ac_cv_prog_AWK=gawk
ac_cv_prog_CC=arm-hisiv100nptl-linux-gcc
ac_cv_prog_CPP='arm-hisiv100nptl-linux-gcc -E'
ac_cv_prog_CXX=arm-hisiv100nptl-linux-gcc
ac_cv_prog_CXXCPP='arm-hisiv100nptl-linux-gcc -E'
ac_cv_prog_PTHREAD_CC=arm-hisiv100nptl-linux-gcc
ac_cv_prog_RANLIB=arm-hisiv100nptl-linux-ranlib
ac_cv_prog_STRIP=arm-hisiv100nptl-linux-strip
ac_cv_prog_ac_ct_F77=f95
ac_cv_prog_cc_arm_hisiv100nptl_linux_gcc_c_o=yes
ac_cv_prog_cc_g=yes
ac_cv_prog_cc_stdc=
ac_cv_prog_cxx_g=yes
ac_cv_prog_egrep='grep -E'
ac_cv_prog_f77_g=yes
ac_cv_prog_make_make_set=yes
ac_cv_sys_file_offset_bits=64
ac_cv_sys_large_files=no
ac_cv_sys_largefile_CC=no
ac_cv_sys_largefile_source=no
ac_cv_type_size_t=yes
ac_cv_type_socklen_t=yes
am_cv_CC_dependencies_compiler_type=gcc3
am_cv_CXX_dependencies_compiler_type=gcc3
lt_cv_deplibs_check_method=pass_all
lt_cv_file_magic_cmd='$MAGIC_CMD'
lt_cv_file_magic_test_file='/lib/libc.so.6 /lib/libc-2.14.90.so'
lt_cv_ld_reload_flag=-r
lt_cv_objdir=.libs
lt_cv_path_LD=/opt/hisi-linux-nptl/arm-hisiv100-linux/arm-hisiv100-linux-uclibcgnueabi/bin/ld
lt_cv_path_LDCXX=/opt/hisi-linux-nptl/arm-hisiv100-linux/arm-hisiv100-linux-uclibcgnueabi/bin/ld
lt_cv_path_NM='/opt/hisi-linux-nptl/arm-hisiv100-linux/target/bin/arm-hisiv100nptl-linux-nm -B'
lt_cv_path_SED=/bin/sed
lt_cv_prog_compiler_c_o=yes
lt_cv_prog_compiler_c_o_CXX=yes
lt_cv_prog_compiler_c_o_F77=yes
lt_cv_prog_compiler_rtti_exceptions=no
lt_cv_prog_gnu_ld=yes
lt_cv_prog_gnu_ldcxx=yes
lt_cv_sys_global_symbol_pipe='sed -n -e '\''s/^.*[ 	]\([ABCDGIRSTW][ABCDGIRSTW]*\)[ 	][ 	]*\(\)\([_A-Za-z][_A-Za-z0-9]*\)$/\1 \2\3 \3/p'\'''
lt_cv_sys_global_symbol_to_c_name_address='sed -n -e '\''s/^: \([^ ]*\) $/  {\"\1\", (lt_ptr) 0},/p'\'' -e '\''s/^[BCDEGRST] \([^ ]*\) \([^ ]*\)$/  {"\2", (lt_ptr) \&\2},/p'\'''
lt_cv_sys_global_symbol_to_cdecl='sed -n -e '\''s/^. .* \(.*\)$/extern int \1;/p'\'''
lt_cv_sys_max_cmd_len=32768
lt_lt_cv_prog_compiler_c_o='"yes"'
lt_lt_cv_prog_compiler_c_o_CXX='"yes"'
lt_lt_cv_prog_compiler_c_o_F77='"yes"'
lt_lt_cv_sys_global_symbol_pipe='"sed -n -e '\''s/^.*[ 	]\\([ABCDGIRSTW][ABCDGIRSTW]*\\)[ 	][ 	]*\\(\\)\\([_A-Za-z][_A-Za-z0-9]*\\)\$/\\1 \\2\\3 \\3/p'\''"'
lt_lt_cv_sys_global_symbol_to_c_name_address='"sed -n -e '\''s/^: \\([^ ]*\\) \$/  {\\\"\\1\\\", (lt_ptr) 0},/p'\'' -e '\''s/^[BCDEGRST] \\([^ ]*\\) \\([^ ]*\\)\$/  {\"\\2\", (lt_ptr) \\&\\2},/p'\''"'
lt_lt_cv_sys_global_symbol_to_cdecl='"sed -n -e '\''s/^. .* \\(.*\\)\$/extern int \\1;/p'\''"'

## ----------------- ##
## Output variables. ##
## ----------------- ##

ACLOCAL='${SHELL} /home/uclib/GTIP-E_studio/libsrc/libupnp/source/config.aux/missing --run aclocal-1.9'
AMDEPBACKSLASH='\'
AMDEP_FALSE='#'
AMDEP_TRUE=''
AMTAR='${SHELL} /home/uclib/GTIP-E_studio/libsrc/libupnp/source/config.aux/missing --run tar'
AR='arm-hisiv100nptl-linux-ar'
AUTOCONF='${SHELL} /home/uclib/GTIP-E_studio/libsrc/libupnp/source/config.aux/missing --run autoconf'
AUTOHEADER='${SHELL} /home/uclib/GTIP-E_studio/libsrc/libupnp/source/config.aux/missing --run autoheader'
AUTOMAKE='${SHELL} /home/uclib/GTIP-E_studio/libsrc/libupnp/source/config.aux/missing --run automake-1.9'
AWK='gawk'
CC='arm-hisiv100nptl-linux-gcc'
CCDEPMODE='depmode=gcc3'
CFLAGS='-g -O2 -Os -Wall'
CPP='arm-hisiv100nptl-linux-gcc -E'
CPPFLAGS=''
CXX='arm-hisiv100nptl-linux-gcc'
CXXCPP='arm-hisiv100nptl-linux-gcc -E'
CXXDEPMODE='depmode=gcc3'
CXXFLAGS='-g -O2'
CYGPATH_W='echo'
DEFS='-DHAVE_CONFIG_H'
DEPDIR='.deps'
ECHO='echo'
ECHO_C=''
ECHO_N='-n'
ECHO_T=''
EGREP='grep -E'
ENABLE_CLIENT_FALSE='#'
ENABLE_CLIENT_TRUE=''
ENABLE_DEBUG_FALSE=''
ENABLE_DEBUG_TRUE='#'
ENABLE_DEVICE_FALSE='#'
ENABLE_DEVICE_TRUE=''
ENABLE_TOOLS_FALSE='#'
ENABLE_TOOLS_TRUE=''
ENABLE_WEBSERVER_FALSE='#'
ENABLE_WEBSERVER_TRUE=''
EXEEXT=''
F77='f95'
FFLAGS='-g -O2'
INSTALL_DATA='${INSTALL} -m 644'
INSTALL_PROGRAM='${INSTALL}'
INSTALL_SCRIPT='${INSTALL}'
INSTALL_STRIP_PROGRAM='${SHELL} $(install_sh) -c -s'
LDFLAGS=''
LIBOBJS=''
LIBS=''
LIBTOOL='$(SHELL) $(top_builddir)/libtool'
LN_S='ln -s'
LTLIBOBJS=''
LT_VERSION_IXML='2:0:0'
LT_VERSION_THREADUTIL='2:0:0'
LT_VERSION_UPNP='2:1:0'
MAKEINFO='${SHELL} /home/uclib/GTIP-E_studio/libsrc/libupnp/source/config.aux/missing --run makeinfo'
OBJEXT='o'
PACKAGE='libupnp'
PACKAGE_BUGREPORT='r3mi@users.sourceforge.net'
PACKAGE_NAME='libupnp'
PACKAGE_STRING='libupnp 1.3.1'
PACKAGE_TARNAME='libupnp'
PACKAGE_VERSION='1.3.1'
PATH_SEPARATOR=':'
PTHREAD_CC='arm-hisiv100nptl-linux-gcc'
PTHREAD_CFLAGS='-pthread'
PTHREAD_LIBS=''
RANLIB='arm-hisiv100nptl-linux-ranlib'
SET_MAKE=''
SHELL='/bin/sh'
STRIP='arm-hisiv100nptl-linux-strip'
VERSION='1.3.1'
ac_ct_AR=''
ac_ct_CC=''
ac_ct_CXX=''
ac_ct_F77='f95'
ac_ct_RANLIB=''
ac_ct_STRIP=''
acx_pthread_config=''
am__fastdepCC_FALSE='#'
am__fastdepCC_TRUE=''
am__fastdepCXX_FALSE='#'
am__fastdepCXX_TRUE=''
am__include='include'
am__leading_dot='.'
am__quote=''
am__tar='${AMTAR} chof - "$$tardir"'
am__untar='${AMTAR} xf -'
bindir='${exec_prefix}/bin'
build='i686-pc-linux-gnu'
build_alias=''
build_cpu='i686'
build_os='linux-gnu'
build_vendor='pc'
datadir='${prefix}/share'
exec_prefix='${prefix}'
host='i686-pc-linux-gnu'
host_alias=''
host_cpu='i686'
host_os='linux-gnu'
host_vendor='pc'
includedir='${prefix}/include'
infodir='${prefix}/info'
install_sh='/home/uclib/GTIP-E_studio/libsrc/libupnp/source/config.aux/install-sh'
libdir='${exec_prefix}/lib'
libexecdir='${exec_prefix}/libexec'
localstatedir='${prefix}/var'
mandir='${prefix}/man'
mkdir_p='mkdir -p --'
oldincludedir='/usr/include'
prefix='/home/uclib/GTIP-E_studio/libsrc/libupnp/arm'
program_transform_name='s,x,x,'
sbindir='${exec_prefix}/sbin'
sharedstatedir='${prefix}/com'
sysconfdir='${prefix}/etc'
target_alias=''

## ----------- ##
## confdefs.h. ##
## ----------- ##

#define HAVE_ARPA_INET_H 1
#define HAVE_DLFCN_H 1
#define HAVE_FCNTL_H 1
#define HAVE_FSEEKO 1
#define HAVE_INTTYPES_H 1
#define HAVE_LIMITS_H 1
#define HAVE_MALLOC_H 1
#define HAVE_MEMORY_H 1
#define HAVE_NETDB_H 1
#define HAVE_NETINET_IN_H 1
#define HAVE_PTHREAD 1
#define HAVE_STDINT_H 1
#define HAVE_STDLIB_H 1
#define HAVE_STDLIB_H 1
#define HAVE_STRINGS_H 1
#define HAVE_STRING_H 1
#define HAVE_STRING_H 1
#define HAVE_SYSLOG_H 1
#define HAVE_SYS_IOCTL_H 1
#define HAVE_SYS_SOCKET_H 1
#define HAVE_SYS_STAT_H 1
#define HAVE_SYS_TIMEB_H 1
#define HAVE_SYS_TIME_H 1
#define HAVE_SYS_TYPES_H 1
#define HAVE_UNISTD_H 1
#define HAVE_UNISTD_H 1
#define HAVE_VPRINTF 1
#define NDEBUG 1
#define NO_DEBUG 1
#define PACKAGE "libupnp"
#define PACKAGE_BUGREPORT "r3mi@users.sourceforge.net"
#define PACKAGE_NAME "libupnp"
#define PACKAGE_STRING "libupnp 1.3.1"
#define PACKAGE_TARNAME "libupnp"
#define PACKAGE_VERSION "1.3.1"
#define STDC_HEADERS 1
#define STDC_HEADERS 1
#define UPNP_HAVE_CLIENT 1
#define UPNP_HAVE_DEVICE 1
#define UPNP_HAVE_TOOLS 1
#define UPNP_HAVE_WEBSERVER 1
#define UPNP_VERSION_MAJOR 1
#define UPNP_VERSION_MINOR 3
#define UPNP_VERSION_PATCH 1
#define UPNP_VERSION_STRING "1.3.1"
#define VERSION "1.3.1"
#define _FILE_OFFSET_BITS 64
#endif
#ifdef __cplusplus
extern "C" void exit (int) throw ();

configure: exit 0

## ---------------------- ##
## Running config.status. ##
## ---------------------- ##

This file was extended by libupnp config.status 1.3.1, which was
generated by GNU Autoconf 2.59.  Invocation command line was

  CONFIG_FILES    = 
  CONFIG_HEADERS  = 
  CONFIG_LINKS    = 
  CONFIG_COMMANDS = 
  $ ./config.status Makefile

on localhost.localdomain

config.status:738: creating Makefile

## ---------------------- ##
## Running config.status. ##
## ---------------------- ##

This file was extended by libupnp config.status 1.3.1, which was
generated by GNU Autoconf 2.59.  Invocation command line was

  CONFIG_FILES    = 
  CONFIG_HEADERS  = 
  CONFIG_LINKS    = 
  CONFIG_COMMANDS = 
  $ ./config.status autoconfig.h

on localhost.localdomain

config.status:842: creating autoconfig.h
config.status:1026: autoconfig.h is unchanged

## ---------------------- ##
## Running config.status. ##
## ---------------------- ##

This file was extended by libupnp config.status 1.3.1, which was
generated by GNU Autoconf 2.59.  Invocation command line was

  CONFIG_FILES    = 
  CONFIG_HEADERS  = 
  CONFIG_LINKS    = 
  CONFIG_COMMANDS = 
  $ ./config.status ixml/Makefile depfiles

on localhost.localdomain

config.status:738: creating ixml/Makefile
config.status:1206: executing depfiles commands

## ---------------------- ##
## Running config.status. ##
## ---------------------- ##

This file was extended by libupnp config.status 1.3.1, which was
generated by GNU Autoconf 2.59.  Invocation command line was

  CONFIG_FILES    = 
  CONFIG_HEADERS  = 
  CONFIG_LINKS    = 
  CONFIG_COMMANDS = 
  $ ./config.status ixml/doc/Makefile

on localhost.localdomain

config.status:738: creating ixml/doc/Makefile

## ---------------------- ##
## Running config.status. ##
## ---------------------- ##

This file was extended by libupnp config.status 1.3.1, which was
generated by GNU Autoconf 2.59.  Invocation command line was

  CONFIG_FILES    = 
  CONFIG_HEADERS  = 
  CONFIG_LINKS    = 
  CONFIG_COMMANDS = 
  $ ./config.status threadutil/Makefile depfiles

on localhost.localdomain

config.status:738: creating threadutil/Makefile
config.status:1206: executing depfiles commands

## ---------------------- ##
## Running config.status. ##
## ---------------------- ##

This file was extended by libupnp config.status 1.3.1, which was
generated by GNU Autoconf 2.59.  Invocation command line was

  CONFIG_FILES    = 
  CONFIG_HEADERS  = 
  CONFIG_LINKS    = 
  CONFIG_COMMANDS = 
  $ ./config.status upnp/Makefile depfiles

on localhost.localdomain

config.status:738: creating upnp/Makefile
config.status:1206: executing depfiles commands

## ---------------------- ##
## Running config.status. ##
## ---------------------- ##

This file was extended by libupnp config.status 1.3.1, which was
generated by GNU Autoconf 2.59.  Invocation command line was

  CONFIG_FILES    = 
  CONFIG_HEADERS  = 
  CONFIG_LINKS    = 
  CONFIG_COMMANDS = 
  $ ./config.status upnp/doc/Makefile

on localhost.localdomain

config.status:738: creating upnp/doc/Makefile
